{"C:\\Users\\nikla\\ski-alpin-manager\\src\\app.js": {"path":"C:\\Users\\nikla\\ski-alpin-manager\\src\\app.js","statementMap":{"0":{"start":{"line":1,"column":16},"end":{"line":1,"column":34}},"1":{"start":{"line":2,"column":16},"end":{"line":2,"column":42}},"2":{"start":{"line":3,"column":20},"end":{"line":3,"column":55}},"3":{"start":{"line":4,"column":15},"end":{"line":4,"column":34}},"4":{"start":{"line":5,"column":15},"end":{"line":5,"column":32}},"5":{"start":{"line":6,"column":13},"end":{"line":6,"column":28}},"6":{"start":{"line":7,"column":18},"end":{"line":7,"column":47}},"7":{"start":{"line":8,"column":20},"end":{"line":8,"column":42}},"8":{"start":{"line":9,"column":23},"end":{"line":9,"column":55}},"9":{"start":{"line":10,"column":19},"end":{"line":10,"column":43}},"10":{"start":{"line":12,"column":12},"end":{"line":12,"column":21}},"11":{"start":{"line":14,"column":0},"end":{"line":14,"column":23}},"12":{"start":{"line":16,"column":16},"end":{"line":19,"column":2}},"13":{"start":{"line":20,"column":0},"end":{"line":20,"column":17}},"14":{"start":{"line":22,"column":0},"end":{"line":34,"column":4}},"15":{"start":{"line":36,"column":0},"end":{"line":41,"column":4}},"16":{"start":{"line":43,"column":0},"end":{"line":43,"column":44}},"17":{"start":{"line":44,"column":0},"end":{"line":47,"column":4}},"18":{"start":{"line":49,"column":22},"end":{"line":64,"column":1}},"19":{"start":{"line":66,"column":0},"end":{"line":66,"column":32}},"20":{"start":{"line":68,"column":0},"end":{"line":71,"column":3}},"21":{"start":{"line":69,"column":4},"end":{"line":69,"column":39}},"22":{"start":{"line":70,"column":4},"end":{"line":70,"column":11}},"23":{"start":{"line":73,"column":0},"end":{"line":73,"column":21}},"24":{"start":{"line":74,"column":0},"end":{"line":74,"column":41}},"25":{"start":{"line":75,"column":0},"end":{"line":75,"column":29}},"26":{"start":{"line":77,"column":0},"end":{"line":82,"column":3}},"27":{"start":{"line":78,"column":4},"end":{"line":81,"column":7}},"28":{"start":{"line":84,"column":0},"end":{"line":97,"column":3}},"29":{"start":{"line":85,"column":4},"end":{"line":85,"column":29}},"30":{"start":{"line":87,"column":23},"end":{"line":87,"column":44}},"31":{"start":{"line":88,"column":20},"end":{"line":90,"column":21}},"32":{"start":{"line":92,"column":4},"end":{"line":96,"column":7}},"33":{"start":{"line":100,"column":0},"end":{"line":100,"column":30}},"34":{"start":{"line":101,"column":0},"end":{"line":101,"column":29}},"35":{"start":{"line":104,"column":0},"end":{"line":114,"column":4}},"36":{"start":{"line":107,"column":8},"end":{"line":109,"column":9}},"37":{"start":{"line":108,"column":12},"end":{"line":108,"column":69}},"38":{"start":{"line":110,"column":8},"end":{"line":112,"column":9}},"39":{"start":{"line":111,"column":12},"end":{"line":111,"column":83}},"40":{"start":{"line":117,"column":0},"end":{"line":120,"column":3}},"41":{"start":{"line":118,"column":4},"end":{"line":118,"column":62}},"42":{"start":{"line":119,"column":4},"end":{"line":119,"column":11}},"43":{"start":{"line":122,"column":0},"end":{"line":122,"column":21}}},"fnMap":{"0":{"name":"(anonymous_0)","decl":{"start":{"line":68,"column":8},"end":{"line":68,"column":9}},"loc":{"start":{"line":68,"column":28},"end":{"line":71,"column":1}},"line":68},"1":{"name":"(anonymous_1)","decl":{"start":{"line":77,"column":8},"end":{"line":77,"column":9}},"loc":{"start":{"line":77,"column":22},"end":{"line":82,"column":1}},"line":77},"2":{"name":"(anonymous_2)","decl":{"start":{"line":84,"column":8},"end":{"line":84,"column":9}},"loc":{"start":{"line":84,"column":33},"end":{"line":97,"column":1}},"line":84},"3":{"name":"(anonymous_3)","decl":{"start":{"line":106,"column":16},"end":{"line":106,"column":17}},"loc":{"start":{"line":106,"column":31},"end":{"line":113,"column":5}},"line":106},"4":{"name":"(anonymous_4)","decl":{"start":{"line":117,"column":8},"end":{"line":117,"column":9}},"loc":{"start":{"line":117,"column":28},"end":{"line":120,"column":1}},"line":117}},"branchMap":{"0":{"loc":{"start":{"line":37,"column":12},"end":{"line":37,"column":78}},"type":"binary-expr","locations":[{"start":{"line":37,"column":12},"end":{"line":37,"column":51}},{"start":{"line":37,"column":55},"end":{"line":37,"column":78}}],"line":37},"1":{"loc":{"start":{"line":54,"column":12},"end":{"line":54,"column":59}},"type":"binary-expr","locations":[{"start":{"line":54,"column":12},"end":{"line":54,"column":38}},{"start":{"line":54,"column":42},"end":{"line":54,"column":59}}],"line":54},"2":{"loc":{"start":{"line":87,"column":23},"end":{"line":87,"column":44}},"type":"binary-expr","locations":[{"start":{"line":87,"column":23},"end":{"line":87,"column":37}},{"start":{"line":87,"column":41},"end":{"line":87,"column":44}}],"line":87},"3":{"loc":{"start":{"line":88,"column":20},"end":{"line":90,"column":21}},"type":"cond-expr","locations":[{"start":{"line":89,"column":10},"end":{"line":89,"column":38}},{"start":{"line":90,"column":10},"end":{"line":90,"column":21}}],"line":88},"4":{"loc":{"start":{"line":95,"column":12},"end":{"line":95,"column":73}},"type":"binary-expr","locations":[{"start":{"line":95,"column":12},"end":{"line":95,"column":49}},{"start":{"line":95,"column":53},"end":{"line":95,"column":73}}],"line":95},"5":{"loc":{"start":{"line":107,"column":8},"end":{"line":109,"column":9}},"type":"if","locations":[{"start":{"line":107,"column":8},"end":{"line":109,"column":9}},{"start":{},"end":{}}],"line":107},"6":{"loc":{"start":{"line":110,"column":8},"end":{"line":112,"column":9}},"type":"if","locations":[{"start":{"line":110,"column":8},"end":{"line":112,"column":9}},{"start":{},"end":{}}],"line":110}},"s":{"0":5,"1":5,"2":5,"3":5,"4":5,"5":5,"6":5,"7":5,"8":5,"9":5,"10":5,"11":5,"12":5,"13":5,"14":5,"15":5,"16":5,"17":5,"18":5,"19":5,"20":5,"21":1,"22":1,"23":5,"24":5,"25":5,"26":5,"27":0,"28":5,"29":0,"30":0,"31":0,"32":0,"33":5,"34":5,"35":5,"36":0,"37":0,"38":0,"39":0,"40":5,"41":0,"42":0,"43":5},"f":{"0":1,"1":0,"2":0,"3":0,"4":0},"b":{"0":[5,0],"1":[5,0],"2":[0,0],"3":[0,0],"4":[0,0],"5":[0,0],"6":[0,0]},"_coverageSchema":"1a1c01bbd47fc00a2c39e90264f33305004495a9","hash":"ce913dc8b03be05e8ccd716fcc14665f5afd3344"}
,"C:\\Users\\nikla\\ski-alpin-manager\\src\\config\\database.js": {"path":"C:\\Users\\nikla\\ski-alpin-manager\\src\\config\\database.js","statementMap":{"0":{"start":{"line":1,"column":17},"end":{"line":1,"column":30}},"1":{"start":{"line":3,"column":13},"end":{"line":9,"column":2}},"2":{"start":{"line":11,"column":16},"end":{"line":20,"column":1}},"3":{"start":{"line":12,"column":4},"end":{"line":19,"column":5}},"4":{"start":{"line":13,"column":8},"end":{"line":13,"column":29}},"5":{"start":{"line":14,"column":8},"end":{"line":14,"column":55}},"6":{"start":{"line":15,"column":8},"end":{"line":15,"column":20}},"7":{"start":{"line":17,"column":8},"end":{"line":17,"column":59}},"8":{"start":{"line":18,"column":8},"end":{"line":18,"column":21}},"9":{"start":{"line":22,"column":14},"end":{"line":29,"column":1}},"10":{"start":{"line":23,"column":4},"end":{"line":28,"column":5}},"11":{"start":{"line":24,"column":8},"end":{"line":24,"column":25}},"12":{"start":{"line":25,"column":8},"end":{"line":25,"column":50}},"13":{"start":{"line":27,"column":8},"end":{"line":27,"column":67}},"14":{"start":{"line":31,"column":20},"end":{"line":33,"column":1}},"15":{"start":{"line":32,"column":4},"end":{"line":32,"column":31}},"16":{"start":{"line":35,"column":0},"end":{"line":40,"column":2}}},"fnMap":{"0":{"name":"(anonymous_0)","decl":{"start":{"line":11,"column":16},"end":{"line":11,"column":17}},"loc":{"start":{"line":11,"column":28},"end":{"line":20,"column":1}},"line":11},"1":{"name":"(anonymous_1)","decl":{"start":{"line":22,"column":14},"end":{"line":22,"column":15}},"loc":{"start":{"line":22,"column":26},"end":{"line":29,"column":1}},"line":22},"2":{"name":"(anonymous_2)","decl":{"start":{"line":31,"column":20},"end":{"line":31,"column":21}},"loc":{"start":{"line":31,"column":26},"end":{"line":33,"column":1}},"line":31}},"branchMap":{},"s":{"0":18,"1":18,"2":18,"3":4,"4":4,"5":4,"6":4,"7":0,"8":0,"9":18,"10":2,"11":2,"12":0,"13":0,"14":18,"15":3,"16":18},"f":{"0":4,"1":2,"2":3},"b":{},"_coverageSchema":"1a1c01bbd47fc00a2c39e90264f33305004495a9","hash":"4aa2800ed646d0b29d3d36a4e82fc609ab53065a"}
,"C:\\Users\\nikla\\ski-alpin-manager\\src\\config\\env.js": {"path":"C:\\Users\\nikla\\ski-alpin-manager\\src\\config\\env.js","statementMap":{"0":{"start":{"line":1,"column":0},"end":{"line":1,"column":27}},"1":{"start":{"line":3,"column":15},"end":{"line":24,"column":1}},"2":{"start":{"line":26,"column":0},"end":{"line":26,"column":24}}},"fnMap":{},"branchMap":{"0":{"loc":{"start":{"line":5,"column":14},"end":{"line":5,"column":42}},"type":"binary-expr","locations":[{"start":{"line":5,"column":14},"end":{"line":5,"column":34}},{"start":{"line":5,"column":38},"end":{"line":5,"column":42}}],"line":5},"1":{"loc":{"start":{"line":6,"column":13},"end":{"line":6,"column":50}},"type":"binary-expr","locations":[{"start":{"line":6,"column":13},"end":{"line":6,"column":33}},{"start":{"line":6,"column":37},"end":{"line":6,"column":50}}],"line":6},"2":{"loc":{"start":{"line":17,"column":21},"end":{"line":17,"column":53}},"type":"binary-expr","locations":[{"start":{"line":17,"column":21},"end":{"line":17,"column":45}},{"start":{"line":17,"column":49},"end":{"line":17,"column":53}}],"line":17}},"s":{"0":8,"1":8,"2":8},"f":{},"b":{"0":[8,8],"1":[8,0],"2":[8,8]},"_coverageSchema":"1a1c01bbd47fc00a2c39e90264f33305004495a9","hash":"8d04973bd9f940bbefd17864562a24e5fa28a783"}
,"C:\\Users\\nikla\\ski-alpin-manager\\src\\controllers\\authController.js": {"path":"C:\\Users\\nikla\\ski-alpin-manager\\src\\controllers\\authController.js","statementMap":{"0":{"start":{"line":1,"column":13},"end":{"line":1,"column":38}},"1":{"start":{"line":2,"column":13},"end":{"line":2,"column":38}},"2":{"start":{"line":3,"column":15},"end":{"line":3,"column":32}},"3":{"start":{"line":4,"column":41},"end":{"line":4,"column":67}},"4":{"start":{"line":5,"column":52},"end":{"line":5,"column":78}},"5":{"start":{"line":6,"column":58},"end":{"line":6,"column":84}},"6":{"start":{"line":7,"column":20},"end":{"line":7,"column":49}},"7":{"start":{"line":11,"column":8},"end":{"line":14,"column":11}},"8":{"start":{"line":18,"column":8},"end":{"line":50,"column":9}},"9":{"start":{"line":19,"column":43},"end":{"line":19,"column":51}},"10":{"start":{"line":21,"column":25},"end":{"line":24,"column":13}},"11":{"start":{"line":26,"column":12},"end":{"line":31,"column":13}},"12":{"start":{"line":27,"column":16},"end":{"line":30,"column":19}},"13":{"start":{"line":33,"column":26},"end":{"line":33,"column":71}},"14":{"start":{"line":34,"column":12},"end":{"line":39,"column":13}},"15":{"start":{"line":35,"column":16},"end":{"line":38,"column":19}},"16":{"start":{"line":41,"column":12},"end":{"line":41,"column":41}},"17":{"start":{"line":42,"column":12},"end":{"line":42,"column":34}},"18":{"start":{"line":45,"column":12},"end":{"line":45,"column":50}},"19":{"start":{"line":46,"column":12},"end":{"line":49,"column":15}},"20":{"start":{"line":54,"column":8},"end":{"line":63,"column":11}},"21":{"start":{"line":55,"column":12},"end":{"line":61,"column":13}},"22":{"start":{"line":56,"column":16},"end":{"line":56,"column":61}},"23":{"start":{"line":57,"column":16},"end":{"line":60,"column":19}},"24":{"start":{"line":62,"column":12},"end":{"line":62,"column":40}},"25":{"start":{"line":67,"column":8},"end":{"line":119,"column":9}},"26":{"start":{"line":68,"column":50},"end":{"line":68,"column":58}},"27":{"start":{"line":71,"column":12},"end":{"line":75,"column":13}},"28":{"start":{"line":72,"column":16},"end":{"line":74,"column":19}},"29":{"start":{"line":78,"column":33},"end":{"line":81,"column":13}},"30":{"start":{"line":83,"column":12},"end":{"line":87,"column":13}},"31":{"start":{"line":84,"column":16},"end":{"line":86,"column":19}},"32":{"start":{"line":90,"column":35},"end":{"line":90,"column":66}},"33":{"start":{"line":93,"column":27},"end":{"line":96,"column":13}},"34":{"start":{"line":99,"column":38},"end":{"line":99,"column":85}},"35":{"start":{"line":100,"column":12},"end":{"line":100,"column":66}},"36":{"start":{"line":102,"column":12},"end":{"line":104,"column":15}},"37":{"start":{"line":108,"column":12},"end":{"line":118,"column":13}},"38":{"start":{"line":109,"column":16},"end":{"line":111,"column":19}},"39":{"start":{"line":113,"column":16},"end":{"line":113,"column":62}},"40":{"start":{"line":114,"column":16},"end":{"line":117,"column":19}},"41":{"start":{"line":127,"column":8},"end":{"line":151,"column":9}},"42":{"start":{"line":128,"column":30},"end":{"line":128,"column":40}},"43":{"start":{"line":131,"column":28},"end":{"line":131,"column":46}},"44":{"start":{"line":132,"column":12},"end":{"line":136,"column":13}},"45":{"start":{"line":133,"column":16},"end":{"line":135,"column":19}},"46":{"start":{"line":139,"column":12},"end":{"line":142,"column":14}},"47":{"start":{"line":144,"column":12},"end":{"line":144,"column":68}},"48":{"start":{"line":147,"column":12},"end":{"line":147,"column":58}},"49":{"start":{"line":148,"column":12},"end":{"line":150,"column":15}},"50":{"start":{"line":159,"column":0},"end":{"line":159,"column":32}}},"fnMap":{"0":{"name":"(anonymous_0)","decl":{"start":{"line":10,"column":4},"end":{"line":10,"column":5}},"loc":{"start":{"line":10,"column":37},"end":{"line":15,"column":5}},"line":10},"1":{"name":"(anonymous_1)","decl":{"start":{"line":17,"column":4},"end":{"line":17,"column":5}},"loc":{"start":{"line":17,"column":33},"end":{"line":51,"column":5}},"line":17},"2":{"name":"(anonymous_2)","decl":{"start":{"line":53,"column":4},"end":{"line":53,"column":5}},"loc":{"start":{"line":53,"column":34},"end":{"line":64,"column":5}},"line":53},"3":{"name":"(anonymous_3)","decl":{"start":{"line":54,"column":28},"end":{"line":54,"column":29}},"loc":{"start":{"line":54,"column":35},"end":{"line":63,"column":9}},"line":54},"4":{"name":"(anonymous_4)","decl":{"start":{"line":66,"column":4},"end":{"line":66,"column":5}},"loc":{"start":{"line":66,"column":36},"end":{"line":120,"column":5}},"line":66},"5":{"name":"(anonymous_5)","decl":{"start":{"line":122,"column":4},"end":{"line":122,"column":5}},"loc":{"start":{"line":122,"column":41},"end":{"line":124,"column":5}},"line":122},"6":{"name":"(anonymous_6)","decl":{"start":{"line":126,"column":4},"end":{"line":126,"column":5}},"loc":{"start":{"line":126,"column":39},"end":{"line":152,"column":5}},"line":126},"7":{"name":"(anonymous_7)","decl":{"start":{"line":154,"column":4},"end":{"line":154,"column":5}},"loc":{"start":{"line":154,"column":42},"end":{"line":156,"column":5}},"line":154}},"branchMap":{"0":{"loc":{"start":{"line":26,"column":12},"end":{"line":31,"column":13}},"type":"if","locations":[{"start":{"line":26,"column":12},"end":{"line":31,"column":13}},{"start":{},"end":{}}],"line":26},"1":{"loc":{"start":{"line":34,"column":12},"end":{"line":39,"column":13}},"type":"if","locations":[{"start":{"line":34,"column":12},"end":{"line":39,"column":13}},{"start":{},"end":{}}],"line":34},"2":{"loc":{"start":{"line":55,"column":12},"end":{"line":61,"column":13}},"type":"if","locations":[{"start":{"line":55,"column":12},"end":{"line":61,"column":13}},{"start":{},"end":{}}],"line":55},"3":{"loc":{"start":{"line":71,"column":12},"end":{"line":75,"column":13}},"type":"if","locations":[{"start":{"line":71,"column":12},"end":{"line":75,"column":13}},{"start":{},"end":{}}],"line":71},"4":{"loc":{"start":{"line":71,"column":16},"end":{"line":71,"column":48}},"type":"binary-expr","locations":[{"start":{"line":71,"column":16},"end":{"line":71,"column":25}},{"start":{"line":71,"column":29},"end":{"line":71,"column":35}},{"start":{"line":71,"column":39},"end":{"line":71,"column":48}}],"line":71},"5":{"loc":{"start":{"line":83,"column":12},"end":{"line":87,"column":13}},"type":"if","locations":[{"start":{"line":83,"column":12},"end":{"line":87,"column":13}},{"start":{},"end":{}}],"line":83},"6":{"loc":{"start":{"line":108,"column":12},"end":{"line":118,"column":13}},"type":"if","locations":[{"start":{"line":108,"column":12},"end":{"line":118,"column":13}},{"start":{"line":112,"column":19},"end":{"line":118,"column":13}}],"line":108},"7":{"loc":{"start":{"line":116,"column":29},"end":{"line":116,"column":95}},"type":"cond-expr","locations":[{"start":{"line":116,"column":70},"end":{"line":116,"column":83}},{"start":{"line":116,"column":86},"end":{"line":116,"column":95}}],"line":116},"8":{"loc":{"start":{"line":132,"column":12},"end":{"line":136,"column":13}},"type":"if","locations":[{"start":{"line":132,"column":12},"end":{"line":136,"column":13}},{"start":{},"end":{}}],"line":132},"9":{"loc":{"start":{"line":132,"column":16},"end":{"line":132,"column":43}},"type":"binary-expr","locations":[{"start":{"line":132,"column":16},"end":{"line":132,"column":24}},{"start":{"line":132,"column":28},"end":{"line":132,"column":43}}],"line":132}},"s":{"0":7,"1":7,"2":7,"3":7,"4":7,"5":7,"6":7,"7":1,"8":4,"9":4,"10":4,"11":2,"12":1,"13":1,"14":1,"15":0,"16":1,"17":1,"18":2,"19":2,"20":2,"21":2,"22":1,"23":1,"24":1,"25":0,"26":0,"27":0,"28":0,"29":0,"30":0,"31":0,"32":0,"33":0,"34":0,"35":0,"36":0,"37":0,"38":0,"39":0,"40":0,"41":2,"42":2,"43":2,"44":2,"45":2,"46":0,"47":0,"48":0,"49":0,"50":7},"f":{"0":1,"1":4,"2":2,"3":2,"4":0,"5":0,"6":2,"7":0},"b":{"0":[1,1],"1":[0,1],"2":[1,1],"3":[0,0],"4":[0,0,0],"5":[0,0],"6":[0,0],"7":[0,0],"8":[2,0],"9":[2,0]},"_coverageSchema":"1a1c01bbd47fc00a2c39e90264f33305004495a9","hash":"d955977f67d6d477ecc1437ea7b062bfb36e2bd9"}
,"C:\\Users\\nikla\\ski-alpin-manager\\src\\controllers\\teamController.js": {"path":"C:\\Users\\nikla\\ski-alpin-manager\\src\\controllers\\teamController.js","statementMap":{"0":{"start":{"line":1,"column":15},"end":{"line":1,"column":44}},"1":{"start":{"line":4,"column":17},"end":{"line":19,"column":1}},"2":{"start":{"line":5,"column":2},"end":{"line":18,"column":3}},"3":{"start":{"line":6,"column":18},"end":{"line":14,"column":6}},"4":{"start":{"line":7,"column":6},"end":{"line":13,"column":8}},"5":{"start":{"line":10,"column":10},"end":{"line":10,"column":31}},"6":{"start":{"line":10,"column":19},"end":{"line":10,"column":31}},"7":{"start":{"line":11,"column":10},"end":{"line":11,"column":30}},"8":{"start":{"line":15,"column":4},"end":{"line":15,"column":20}},"9":{"start":{"line":17,"column":4},"end":{"line":17,"column":62}},"10":{"start":{"line":21,"column":19},"end":{"line":43,"column":1}},"11":{"start":{"line":22,"column":19},"end":{"line":22,"column":27}},"12":{"start":{"line":24,"column":2},"end":{"line":26,"column":3}},"13":{"start":{"line":25,"column":4},"end":{"line":25,"column":70}},"14":{"start":{"line":28,"column":2},"end":{"line":42,"column":3}},"15":{"start":{"line":29,"column":19},"end":{"line":38,"column":6}},"16":{"start":{"line":30,"column":6},"end":{"line":37,"column":8}},"17":{"start":{"line":34,"column":10},"end":{"line":34,"column":31}},"18":{"start":{"line":34,"column":19},"end":{"line":34,"column":31}},"19":{"start":{"line":35,"column":10},"end":{"line":35,"column":31}},"20":{"start":{"line":39,"column":4},"end":{"line":39,"column":79}},"21":{"start":{"line":41,"column":4},"end":{"line":41,"column":61}},"22":{"start":{"line":45,"column":0},"end":{"line":48,"column":2}}},"fnMap":{"0":{"name":"(anonymous_0)","decl":{"start":{"line":4,"column":17},"end":{"line":4,"column":18}},"loc":{"start":{"line":4,"column":37},"end":{"line":19,"column":1}},"line":4},"1":{"name":"(anonymous_1)","decl":{"start":{"line":6,"column":36},"end":{"line":6,"column":37}},"loc":{"start":{"line":6,"column":57},"end":{"line":14,"column":5}},"line":6},"2":{"name":"(anonymous_2)","decl":{"start":{"line":9,"column":8},"end":{"line":9,"column":9}},"loc":{"start":{"line":9,"column":23},"end":{"line":12,"column":9}},"line":9},"3":{"name":"(anonymous_3)","decl":{"start":{"line":21,"column":19},"end":{"line":21,"column":20}},"loc":{"start":{"line":21,"column":39},"end":{"line":43,"column":1}},"line":21},"4":{"name":"(anonymous_4)","decl":{"start":{"line":29,"column":37},"end":{"line":29,"column":38}},"loc":{"start":{"line":29,"column":58},"end":{"line":38,"column":5}},"line":29},"5":{"name":"(anonymous_5)","decl":{"start":{"line":33,"column":8},"end":{"line":33,"column":9}},"loc":{"start":{"line":33,"column":22},"end":{"line":36,"column":9}},"line":33}},"branchMap":{"0":{"loc":{"start":{"line":10,"column":10},"end":{"line":10,"column":31}},"type":"if","locations":[{"start":{"line":10,"column":10},"end":{"line":10,"column":31}},{"start":{},"end":{}}],"line":10},"1":{"loc":{"start":{"line":11,"column":18},"end":{"line":11,"column":28}},"type":"binary-expr","locations":[{"start":{"line":11,"column":18},"end":{"line":11,"column":22}},{"start":{"line":11,"column":26},"end":{"line":11,"column":28}}],"line":11},"2":{"loc":{"start":{"line":24,"column":2},"end":{"line":26,"column":3}},"type":"if","locations":[{"start":{"line":24,"column":2},"end":{"line":26,"column":3}},{"start":{},"end":{}}],"line":24},"3":{"loc":{"start":{"line":34,"column":10},"end":{"line":34,"column":31}},"type":"if","locations":[{"start":{"line":34,"column":10},"end":{"line":34,"column":31}},{"start":{},"end":{}}],"line":34}},"s":{"0":6,"1":6,"2":0,"3":0,"4":0,"5":0,"6":0,"7":0,"8":0,"9":0,"10":6,"11":1,"12":1,"13":0,"14":1,"15":1,"16":1,"17":0,"18":0,"19":0,"20":0,"21":1,"22":6},"f":{"0":0,"1":0,"2":0,"3":1,"4":1,"5":0},"b":{"0":[0,0],"1":[0,0],"2":[0,1],"3":[0,0]},"_coverageSchema":"1a1c01bbd47fc00a2c39e90264f33305004495a9","hash":"1f3c97c919bc398a59327708ca7e50d1c8e4cf89"}
,"C:\\Users\\nikla\\ski-alpin-manager\\src\\controllers\\userController.js": {"path":"C:\\Users\\nikla\\ski-alpin-manager\\src\\controllers\\userController.js","statementMap":{"0":{"start":{"line":1,"column":13},"end":{"line":1,"column":38}},"1":{"start":{"line":3,"column":20},"end":{"line":21,"column":1}},"2":{"start":{"line":4,"column":17},"end":{"line":4,"column":27}},"3":{"start":{"line":6,"column":2},"end":{"line":8,"column":3}},"4":{"start":{"line":7,"column":4},"end":{"line":7,"column":63}},"5":{"start":{"line":10,"column":2},"end":{"line":20,"column":3}},"6":{"start":{"line":11,"column":17},"end":{"line":11,"column":39}},"7":{"start":{"line":13,"column":4},"end":{"line":15,"column":5}},"8":{"start":{"line":14,"column":6},"end":{"line":14,"column":65}},"9":{"start":{"line":17,"column":4},"end":{"line":17,"column":19}},"10":{"start":{"line":19,"column":4},"end":{"line":19,"column":61}},"11":{"start":{"line":23,"column":19},"end":{"line":36,"column":1}},"12":{"start":{"line":24,"column":17},"end":{"line":24,"column":27}},"13":{"start":{"line":25,"column":19},"end":{"line":25,"column":27}},"14":{"start":{"line":27,"column":2},"end":{"line":35,"column":3}},"15":{"start":{"line":28,"column":4},"end":{"line":28,"column":36}},"16":{"start":{"line":29,"column":4},"end":{"line":29,"column":55}},"17":{"start":{"line":31,"column":4},"end":{"line":33,"column":5}},"18":{"start":{"line":32,"column":6},"end":{"line":32,"column":62}},"19":{"start":{"line":34,"column":4},"end":{"line":34,"column":61}},"20":{"start":{"line":38,"column":19},"end":{"line":52,"column":1}},"21":{"start":{"line":39,"column":17},"end":{"line":39,"column":27}},"22":{"start":{"line":41,"column":2},"end":{"line":51,"column":3}},"23":{"start":{"line":42,"column":17},"end":{"line":42,"column":39}},"24":{"start":{"line":43,"column":4},"end":{"line":45,"column":5}},"25":{"start":{"line":44,"column":6},"end":{"line":44,"column":65}},"26":{"start":{"line":47,"column":4},"end":{"line":47,"column":30}},"27":{"start":{"line":48,"column":4},"end":{"line":48,"column":55}},"28":{"start":{"line":50,"column":4},"end":{"line":50,"column":61}},"29":{"start":{"line":54,"column":0},"end":{"line":58,"column":2}}},"fnMap":{"0":{"name":"(anonymous_0)","decl":{"start":{"line":3,"column":20},"end":{"line":3,"column":21}},"loc":{"start":{"line":3,"column":40},"end":{"line":21,"column":1}},"line":3},"1":{"name":"(anonymous_1)","decl":{"start":{"line":23,"column":19},"end":{"line":23,"column":20}},"loc":{"start":{"line":23,"column":39},"end":{"line":36,"column":1}},"line":23},"2":{"name":"(anonymous_2)","decl":{"start":{"line":38,"column":19},"end":{"line":38,"column":20}},"loc":{"start":{"line":38,"column":39},"end":{"line":52,"column":1}},"line":38}},"branchMap":{"0":{"loc":{"start":{"line":6,"column":2},"end":{"line":8,"column":3}},"type":"if","locations":[{"start":{"line":6,"column":2},"end":{"line":8,"column":3}},{"start":{},"end":{}}],"line":6},"1":{"loc":{"start":{"line":13,"column":4},"end":{"line":15,"column":5}},"type":"if","locations":[{"start":{"line":13,"column":4},"end":{"line":15,"column":5}},{"start":{},"end":{}}],"line":13},"2":{"loc":{"start":{"line":31,"column":4},"end":{"line":33,"column":5}},"type":"if","locations":[{"start":{"line":31,"column":4},"end":{"line":33,"column":5}},{"start":{},"end":{}}],"line":31},"3":{"loc":{"start":{"line":43,"column":4},"end":{"line":45,"column":5}},"type":"if","locations":[{"start":{"line":43,"column":4},"end":{"line":45,"column":5}},{"start":{},"end":{}}],"line":43}},"s":{"0":7,"1":7,"2":1,"3":1,"4":0,"5":1,"6":1,"7":0,"8":0,"9":0,"10":1,"11":7,"12":0,"13":0,"14":0,"15":0,"16":0,"17":0,"18":0,"19":0,"20":7,"21":0,"22":0,"23":0,"24":0,"25":0,"26":0,"27":0,"28":0,"29":7},"f":{"0":1,"1":0,"2":0},"b":{"0":[0,1],"1":[0,0],"2":[0,0],"3":[0,0]},"_coverageSchema":"1a1c01bbd47fc00a2c39e90264f33305004495a9","hash":"89f66119f94ee42019434092516cd9ce1e326a75"}
,"C:\\Users\\nikla\\ski-alpin-manager\\src\\database\\testDb.js": {"path":"C:\\Users\\nikla\\ski-alpin-manager\\src\\database\\testDb.js","statementMap":{"0":{"start":{"line":1,"column":16},"end":{"line":1,"column":44}},"1":{"start":{"line":5,"column":4},"end":{"line":5,"column":19}},"2":{"start":{"line":9,"column":4},"end":{"line":11,"column":5}},"3":{"start":{"line":10,"column":6},"end":{"line":10,"column":25}},"4":{"start":{"line":13,"column":4},"end":{"line":22,"column":7}},"5":{"start":{"line":14,"column":6},"end":{"line":21,"column":9}},"6":{"start":{"line":15,"column":8},"end":{"line":20,"column":9}},"7":{"start":{"line":16,"column":10},"end":{"line":16,"column":50}},"8":{"start":{"line":17,"column":10},"end":{"line":17,"column":22}},"9":{"start":{"line":19,"column":10},"end":{"line":19,"column":20}},"10":{"start":{"line":26,"column":4},"end":{"line":36,"column":7}},"11":{"start":{"line":27,"column":6},"end":{"line":35,"column":9}},"12":{"start":{"line":28,"column":8},"end":{"line":34,"column":9}},"13":{"start":{"line":29,"column":10},"end":{"line":29,"column":53}},"14":{"start":{"line":30,"column":10},"end":{"line":30,"column":22}},"15":{"start":{"line":32,"column":10},"end":{"line":32,"column":48}},"16":{"start":{"line":33,"column":10},"end":{"line":33,"column":20}},"17":{"start":{"line":40,"column":4},"end":{"line":42,"column":5}},"18":{"start":{"line":41,"column":6},"end":{"line":41,"column":27}},"19":{"start":{"line":44,"column":19},"end":{"line":85,"column":5}},"20":{"start":{"line":87,"column":4},"end":{"line":96,"column":7}},"21":{"start":{"line":88,"column":6},"end":{"line":95,"column":9}},"22":{"start":{"line":89,"column":8},"end":{"line":94,"column":9}},"23":{"start":{"line":90,"column":10},"end":{"line":90,"column":55}},"24":{"start":{"line":91,"column":10},"end":{"line":91,"column":22}},"25":{"start":{"line":93,"column":10},"end":{"line":93,"column":20}},"26":{"start":{"line":100,"column":4},"end":{"line":102,"column":5}},"27":{"start":{"line":101,"column":6},"end":{"line":101,"column":50}},"28":{"start":{"line":104,"column":4},"end":{"line":109,"column":7}},"29":{"start":{"line":105,"column":6},"end":{"line":108,"column":9}},"30":{"start":{"line":106,"column":8},"end":{"line":107,"column":26}},"31":{"start":{"line":106,"column":17},"end":{"line":106,"column":29}},"32":{"start":{"line":107,"column":13},"end":{"line":107,"column":26}},"33":{"start":{"line":113,"column":4},"end":{"line":115,"column":5}},"34":{"start":{"line":114,"column":6},"end":{"line":114,"column":50}},"35":{"start":{"line":117,"column":4},"end":{"line":122,"column":7}},"36":{"start":{"line":118,"column":6},"end":{"line":121,"column":9}},"37":{"start":{"line":119,"column":8},"end":{"line":120,"column":69}},"38":{"start":{"line":119,"column":17},"end":{"line":119,"column":29}},"39":{"start":{"line":120,"column":13},"end":{"line":120,"column":69}},"40":{"start":{"line":126,"column":4},"end":{"line":128,"column":5}},"41":{"start":{"line":127,"column":6},"end":{"line":127,"column":50}},"42":{"start":{"line":130,"column":4},"end":{"line":135,"column":7}},"43":{"start":{"line":131,"column":6},"end":{"line":134,"column":9}},"44":{"start":{"line":132,"column":8},"end":{"line":133,"column":27}},"45":{"start":{"line":132,"column":17},"end":{"line":132,"column":29}},"46":{"start":{"line":133,"column":13},"end":{"line":133,"column":27}},"47":{"start":{"line":139,"column":4},"end":{"line":139,"column":60}},"48":{"start":{"line":139,"column":18},"end":{"line":139,"column":60}},"49":{"start":{"line":140,"column":16},"end":{"line":146,"column":5}},"50":{"start":{"line":148,"column":4},"end":{"line":153,"column":7}},"51":{"start":{"line":149,"column":6},"end":{"line":152,"column":9}},"52":{"start":{"line":150,"column":8},"end":{"line":151,"column":23}},"53":{"start":{"line":150,"column":17},"end":{"line":150,"column":29}},"54":{"start":{"line":151,"column":13},"end":{"line":151,"column":23}},"55":{"start":{"line":157,"column":4},"end":{"line":157,"column":25}},"56":{"start":{"line":157,"column":18},"end":{"line":157,"column":25}},"57":{"start":{"line":159,"column":4},"end":{"line":167,"column":7}},"58":{"start":{"line":160,"column":6},"end":{"line":166,"column":9}},"59":{"start":{"line":161,"column":8},"end":{"line":165,"column":9}},"60":{"start":{"line":161,"column":17},"end":{"line":161,"column":29}},"61":{"start":{"line":163,"column":10},"end":{"line":163,"column":25}},"62":{"start":{"line":164,"column":10},"end":{"line":164,"column":20}},"63":{"start":{"line":171,"column":0},"end":{"line":171,"column":30}}},"fnMap":{"0":{"name":"(anonymous_0)","decl":{"start":{"line":4,"column":2},"end":{"line":4,"column":3}},"loc":{"start":{"line":4,"column":16},"end":{"line":6,"column":3}},"line":4},"1":{"name":"(anonymous_1)","decl":{"start":{"line":8,"column":2},"end":{"line":8,"column":3}},"loc":{"start":{"line":8,"column":18},"end":{"line":23,"column":3}},"line":8},"2":{"name":"(anonymous_2)","decl":{"start":{"line":13,"column":23},"end":{"line":13,"column":24}},"loc":{"start":{"line":13,"column":44},"end":{"line":22,"column":5}},"line":13},"3":{"name":"(anonymous_3)","decl":{"start":{"line":14,"column":49},"end":{"line":14,"column":50}},"loc":{"start":{"line":14,"column":58},"end":{"line":21,"column":7}},"line":14},"4":{"name":"(anonymous_4)","decl":{"start":{"line":25,"column":2},"end":{"line":25,"column":3}},"loc":{"start":{"line":25,"column":23},"end":{"line":37,"column":3}},"line":25},"5":{"name":"(anonymous_5)","decl":{"start":{"line":26,"column":23},"end":{"line":26,"column":24}},"loc":{"start":{"line":26,"column":44},"end":{"line":36,"column":5}},"line":26},"6":{"name":"(anonymous_6)","decl":{"start":{"line":27,"column":46},"end":{"line":27,"column":47}},"loc":{"start":{"line":27,"column":55},"end":{"line":35,"column":7}},"line":27},"7":{"name":"(anonymous_7)","decl":{"start":{"line":39,"column":2},"end":{"line":39,"column":3}},"loc":{"start":{"line":39,"column":15},"end":{"line":97,"column":3}},"line":39},"8":{"name":"(anonymous_8)","decl":{"start":{"line":87,"column":23},"end":{"line":87,"column":24}},"loc":{"start":{"line":87,"column":44},"end":{"line":96,"column":5}},"line":87},"9":{"name":"(anonymous_9)","decl":{"start":{"line":88,"column":27},"end":{"line":88,"column":28}},"loc":{"start":{"line":88,"column":36},"end":{"line":95,"column":7}},"line":88},"10":{"name":"(anonymous_10)","decl":{"start":{"line":99,"column":2},"end":{"line":99,"column":3}},"loc":{"start":{"line":99,"column":30},"end":{"line":110,"column":3}},"line":99},"11":{"name":"(anonymous_11)","decl":{"start":{"line":104,"column":23},"end":{"line":104,"column":24}},"loc":{"start":{"line":104,"column":44},"end":{"line":109,"column":5}},"line":104},"12":{"name":"(anonymous_12)","decl":{"start":{"line":105,"column":31},"end":{"line":105,"column":32}},"loc":{"start":{"line":105,"column":45},"end":{"line":108,"column":7}},"line":105},"13":{"name":"(anonymous_13)","decl":{"start":{"line":112,"column":2},"end":{"line":112,"column":3}},"loc":{"start":{"line":112,"column":30},"end":{"line":123,"column":3}},"line":112},"14":{"name":"(anonymous_14)","decl":{"start":{"line":117,"column":23},"end":{"line":117,"column":24}},"loc":{"start":{"line":117,"column":44},"end":{"line":122,"column":5}},"line":117},"15":{"name":"(anonymous_15)","decl":{"start":{"line":118,"column":31},"end":{"line":118,"column":32}},"loc":{"start":{"line":118,"column":45},"end":{"line":121,"column":7}},"line":118},"16":{"name":"(anonymous_16)","decl":{"start":{"line":125,"column":2},"end":{"line":125,"column":3}},"loc":{"start":{"line":125,"column":30},"end":{"line":136,"column":3}},"line":125},"17":{"name":"(anonymous_17)","decl":{"start":{"line":130,"column":23},"end":{"line":130,"column":24}},"loc":{"start":{"line":130,"column":44},"end":{"line":135,"column":5}},"line":130},"18":{"name":"(anonymous_18)","decl":{"start":{"line":131,"column":31},"end":{"line":131,"column":32}},"loc":{"start":{"line":131,"column":46},"end":{"line":134,"column":7}},"line":131},"19":{"name":"(anonymous_19)","decl":{"start":{"line":138,"column":2},"end":{"line":138,"column":3}},"loc":{"start":{"line":138,"column":22},"end":{"line":154,"column":3}},"line":138},"20":{"name":"(anonymous_20)","decl":{"start":{"line":148,"column":23},"end":{"line":148,"column":24}},"loc":{"start":{"line":148,"column":44},"end":{"line":153,"column":5}},"line":148},"21":{"name":"(anonymous_21)","decl":{"start":{"line":149,"column":24},"end":{"line":149,"column":25}},"loc":{"start":{"line":149,"column":33},"end":{"line":152,"column":7}},"line":149},"22":{"name":"(anonymous_22)","decl":{"start":{"line":156,"column":2},"end":{"line":156,"column":3}},"loc":{"start":{"line":156,"column":16},"end":{"line":168,"column":3}},"line":156},"23":{"name":"(anonymous_23)","decl":{"start":{"line":159,"column":23},"end":{"line":159,"column":24}},"loc":{"start":{"line":159,"column":44},"end":{"line":167,"column":5}},"line":159},"24":{"name":"(anonymous_24)","decl":{"start":{"line":160,"column":20},"end":{"line":160,"column":21}},"loc":{"start":{"line":160,"column":29},"end":{"line":166,"column":7}},"line":160}},"branchMap":{"0":{"loc":{"start":{"line":9,"column":4},"end":{"line":11,"column":5}},"type":"if","locations":[{"start":{"line":9,"column":4},"end":{"line":11,"column":5}},{"start":{},"end":{}}],"line":9},"1":{"loc":{"start":{"line":15,"column":8},"end":{"line":20,"column":9}},"type":"if","locations":[{"start":{"line":15,"column":8},"end":{"line":20,"column":9}},{"start":{"line":18,"column":15},"end":{"line":20,"column":9}}],"line":15},"2":{"loc":{"start":{"line":28,"column":8},"end":{"line":34,"column":9}},"type":"if","locations":[{"start":{"line":28,"column":8},"end":{"line":34,"column":9}},{"start":{"line":31,"column":15},"end":{"line":34,"column":9}}],"line":28},"3":{"loc":{"start":{"line":40,"column":4},"end":{"line":42,"column":5}},"type":"if","locations":[{"start":{"line":40,"column":4},"end":{"line":42,"column":5}},{"start":{},"end":{}}],"line":40},"4":{"loc":{"start":{"line":89,"column":8},"end":{"line":94,"column":9}},"type":"if","locations":[{"start":{"line":89,"column":8},"end":{"line":94,"column":9}},{"start":{"line":92,"column":15},"end":{"line":94,"column":9}}],"line":89},"5":{"loc":{"start":{"line":99,"column":17},"end":{"line":99,"column":28}},"type":"default-arg","locations":[{"start":{"line":99,"column":26},"end":{"line":99,"column":28}}],"line":99},"6":{"loc":{"start":{"line":100,"column":4},"end":{"line":102,"column":5}},"type":"if","locations":[{"start":{"line":100,"column":4},"end":{"line":102,"column":5}},{"start":{},"end":{}}],"line":100},"7":{"loc":{"start":{"line":106,"column":8},"end":{"line":107,"column":26}},"type":"if","locations":[{"start":{"line":106,"column":8},"end":{"line":107,"column":26}},{"start":{"line":107,"column":13},"end":{"line":107,"column":26}}],"line":106},"8":{"loc":{"start":{"line":112,"column":17},"end":{"line":112,"column":28}},"type":"default-arg","locations":[{"start":{"line":112,"column":26},"end":{"line":112,"column":28}}],"line":112},"9":{"loc":{"start":{"line":113,"column":4},"end":{"line":115,"column":5}},"type":"if","locations":[{"start":{"line":113,"column":4},"end":{"line":115,"column":5}},{"start":{},"end":{}}],"line":113},"10":{"loc":{"start":{"line":119,"column":8},"end":{"line":120,"column":69}},"type":"if","locations":[{"start":{"line":119,"column":8},"end":{"line":120,"column":69}},{"start":{"line":120,"column":13},"end":{"line":120,"column":69}}],"line":119},"11":{"loc":{"start":{"line":125,"column":17},"end":{"line":125,"column":28}},"type":"default-arg","locations":[{"start":{"line":125,"column":26},"end":{"line":125,"column":28}}],"line":125},"12":{"loc":{"start":{"line":126,"column":4},"end":{"line":128,"column":5}},"type":"if","locations":[{"start":{"line":126,"column":4},"end":{"line":128,"column":5}},{"start":{},"end":{}}],"line":126},"13":{"loc":{"start":{"line":132,"column":8},"end":{"line":133,"column":27}},"type":"if","locations":[{"start":{"line":132,"column":8},"end":{"line":133,"column":27}},{"start":{"line":133,"column":13},"end":{"line":133,"column":27}}],"line":132},"14":{"loc":{"start":{"line":139,"column":4},"end":{"line":139,"column":60}},"type":"if","locations":[{"start":{"line":139,"column":4},"end":{"line":139,"column":60}},{"start":{},"end":{}}],"line":139},"15":{"loc":{"start":{"line":150,"column":8},"end":{"line":151,"column":23}},"type":"if","locations":[{"start":{"line":150,"column":8},"end":{"line":151,"column":23}},{"start":{"line":151,"column":13},"end":{"line":151,"column":23}}],"line":150},"16":{"loc":{"start":{"line":157,"column":4},"end":{"line":157,"column":25}},"type":"if","locations":[{"start":{"line":157,"column":4},"end":{"line":157,"column":25}},{"start":{},"end":{}}],"line":157},"17":{"loc":{"start":{"line":161,"column":8},"end":{"line":165,"column":9}},"type":"if","locations":[{"start":{"line":161,"column":8},"end":{"line":165,"column":9}},{"start":{"line":162,"column":13},"end":{"line":165,"column":9}}],"line":161}},"s":{"0":13,"1":1,"2":1,"3":0,"4":1,"5":1,"6":1,"7":0,"8":0,"9":1,"10":0,"11":0,"12":0,"13":0,"14":0,"15":0,"16":0,"17":1,"18":0,"19":1,"20":1,"21":1,"22":1,"23":0,"24":0,"25":1,"26":0,"27":0,"28":0,"29":0,"30":0,"31":0,"32":0,"33":0,"34":0,"35":0,"36":0,"37":0,"38":0,"39":0,"40":0,"41":0,"42":0,"43":0,"44":0,"45":0,"46":0,"47":4,"48":0,"49":4,"50":4,"51":4,"52":4,"53":0,"54":4,"55":1,"56":0,"57":1,"58":1,"59":1,"60":0,"61":1,"62":1,"63":13},"f":{"0":1,"1":1,"2":1,"3":1,"4":0,"5":0,"6":0,"7":1,"8":1,"9":1,"10":0,"11":0,"12":0,"13":0,"14":0,"15":0,"16":0,"17":0,"18":0,"19":4,"20":4,"21":4,"22":1,"23":1,"24":1},"b":{"0":[0,1],"1":[0,1],"2":[0,0],"3":[0,1],"4":[0,1],"5":[0],"6":[0,0],"7":[0,0],"8":[0],"9":[0,0],"10":[0,0],"11":[0],"12":[0,0],"13":[0,0],"14":[0,4],"15":[0,4],"16":[0,1],"17":[0,1]},"_coverageSchema":"1a1c01bbd47fc00a2c39e90264f33305004495a9","hash":"0e0152c1ab7a01256b2a4c2d8f688d052874efb6"}
,"C:\\Users\\nikla\\ski-alpin-manager\\src\\middleware\\auth.js": {"path":"C:\\Users\\nikla\\ski-alpin-manager\\src\\middleware\\auth.js","statementMap":{"0":{"start":{"line":1,"column":12},"end":{"line":1,"column":35}},"1":{"start":{"line":3,"column":24},"end":{"line":17,"column":1}},"2":{"start":{"line":4,"column":4},"end":{"line":16,"column":5}},"3":{"start":{"line":5,"column":22},"end":{"line":5,"column":62}},"4":{"start":{"line":7,"column":8},"end":{"line":9,"column":9}},"5":{"start":{"line":8,"column":12},"end":{"line":8,"column":77}},"6":{"start":{"line":11,"column":24},"end":{"line":11,"column":65}},"7":{"start":{"line":12,"column":8},"end":{"line":12,"column":27}},"8":{"start":{"line":13,"column":8},"end":{"line":13,"column":15}},"9":{"start":{"line":15,"column":8},"end":{"line":15,"column":69}},"10":{"start":{"line":19,"column":0},"end":{"line":21,"column":2}}},"fnMap":{"0":{"name":"(anonymous_0)","decl":{"start":{"line":3,"column":24},"end":{"line":3,"column":25}},"loc":{"start":{"line":3,"column":44},"end":{"line":17,"column":1}},"line":3}},"branchMap":{"0":{"loc":{"start":{"line":7,"column":8},"end":{"line":9,"column":9}},"type":"if","locations":[{"start":{"line":7,"column":8},"end":{"line":9,"column":9}},{"start":{},"end":{}}],"line":7}},"s":{"0":5,"1":5,"2":0,"3":0,"4":0,"5":0,"6":0,"7":0,"8":0,"9":0,"10":5},"f":{"0":0},"b":{"0":[0,0]},"_coverageSchema":"1a1c01bbd47fc00a2c39e90264f33305004495a9","hash":"40fc2759aa042423fa328a0aecd7628601d3caf0"}
,"C:\\Users\\nikla\\ski-alpin-manager\\src\\models\\athlete.js": {"path":"C:\\Users\\nikla\\ski-alpin-manager\\src\\models\\athlete.js","statementMap":{"0":{"start":{"line":1,"column":17},"end":{"line":1,"column":46}},"1":{"start":{"line":5,"column":20},"end":{"line":10,"column":5}},"2":{"start":{"line":13,"column":32},"end":{"line":38,"column":5}},"3":{"start":{"line":44,"column":24},"end":{"line":44,"column":59}},"4":{"start":{"line":45,"column":8},"end":{"line":45,"column":76}},"5":{"start":{"line":45,"column":22},"end":{"line":45,"column":76}},"6":{"start":{"line":48,"column":26},"end":{"line":53,"column":13}},"7":{"start":{"line":56,"column":25},"end":{"line":61,"column":13}},"8":{"start":{"line":64,"column":23},"end":{"line":69,"column":13}},"9":{"start":{"line":72,"column":25},"end":{"line":78,"column":13}},"10":{"start":{"line":80,"column":8},"end":{"line":85,"column":10}},"11":{"start":{"line":92,"column":27},"end":{"line":92,"column":66}},"12":{"start":{"line":94,"column":8},"end":{"line":100,"column":76}},"13":{"start":{"line":107,"column":29},"end":{"line":111,"column":32}},"14":{"start":{"line":113,"column":8},"end":{"line":119,"column":67}},"15":{"start":{"line":121,"column":8},"end":{"line":125,"column":45}},"16":{"start":{"line":132,"column":23},"end":{"line":171,"column":9}},"17":{"start":{"line":173,"column":24},"end":{"line":173,"column":38}},"18":{"start":{"line":174,"column":8},"end":{"line":177,"column":9}},"19":{"start":{"line":175,"column":12},"end":{"line":175,"column":66}},"20":{"start":{"line":176,"column":12},"end":{"line":176,"column":58}},"21":{"start":{"line":179,"column":8},"end":{"line":179,"column":23}},"22":{"start":{"line":186,"column":23},"end":{"line":204,"column":9}},"23":{"start":{"line":206,"column":8},"end":{"line":206,"column":27}},"24":{"start":{"line":213,"column":23},"end":{"line":221,"column":9}},"25":{"start":{"line":222,"column":8},"end":{"line":222,"column":27}},"26":{"start":{"line":229,"column":23},"end":{"line":237,"column":9}},"27":{"start":{"line":238,"column":8},"end":{"line":238,"column":27}},"28":{"start":{"line":246,"column":24},"end":{"line":251,"column":9}},"29":{"start":{"line":254,"column":26},"end":{"line":259,"column":13}},"30":{"start":{"line":262,"column":25},"end":{"line":267,"column":13}},"31":{"start":{"line":270,"column":23},"end":{"line":275,"column":13}},"32":{"start":{"line":278,"column":25},"end":{"line":284,"column":13}},"33":{"start":{"line":287,"column":8},"end":{"line":292,"column":10}},"34":{"start":{"line":296,"column":0},"end":{"line":296,"column":25}}},"fnMap":{"0":{"name":"(anonymous_0)","decl":{"start":{"line":43,"column":4},"end":{"line":43,"column":5}},"loc":{"start":{"line":43,"column":56},"end":{"line":86,"column":5}},"line":43},"1":{"name":"(anonymous_1)","decl":{"start":{"line":91,"column":4},"end":{"line":91,"column":5}},"loc":{"start":{"line":91,"column":63},"end":{"line":101,"column":5}},"line":91},"2":{"name":"(anonymous_2)","decl":{"start":{"line":106,"column":4},"end":{"line":106,"column":5}},"loc":{"start":{"line":106,"column":53},"end":{"line":126,"column":5}},"line":106},"3":{"name":"(anonymous_3)","decl":{"start":{"line":131,"column":4},"end":{"line":131,"column":5}},"loc":{"start":{"line":131,"column":29},"end":{"line":180,"column":5}},"line":131},"4":{"name":"(anonymous_4)","decl":{"start":{"line":185,"column":4},"end":{"line":185,"column":5}},"loc":{"start":{"line":185,"column":37},"end":{"line":207,"column":5}},"line":185},"5":{"name":"(anonymous_5)","decl":{"start":{"line":212,"column":4},"end":{"line":212,"column":5}},"loc":{"start":{"line":212,"column":44},"end":{"line":223,"column":5}},"line":212},"6":{"name":"(anonymous_6)","decl":{"start":{"line":228,"column":4},"end":{"line":228,"column":5}},"loc":{"start":{"line":228,"column":40},"end":{"line":239,"column":5}},"line":228},"7":{"name":"(anonymous_7)","decl":{"start":{"line":244,"column":4},"end":{"line":244,"column":5}},"loc":{"start":{"line":244,"column":41},"end":{"line":293,"column":5}},"line":244}},"branchMap":{"0":{"loc":{"start":{"line":45,"column":8},"end":{"line":45,"column":76}},"type":"if","locations":[{"start":{"line":45,"column":8},"end":{"line":45,"column":76}},{"start":{},"end":{}}],"line":45},"1":{"loc":{"start":{"line":107,"column":29},"end":{"line":111,"column":32}},"type":"binary-expr","locations":[{"start":{"line":107,"column":29},"end":{"line":111,"column":19}},{"start":{"line":111,"column":23},"end":{"line":111,"column":32}}],"line":107},"2":{"loc":{"start":{"line":174,"column":8},"end":{"line":177,"column":9}},"type":"if","locations":[{"start":{"line":174,"column":8},"end":{"line":177,"column":9}},{"start":{},"end":{}}],"line":174}},"s":{"0":1,"1":1,"2":1,"3":0,"4":0,"5":0,"6":0,"7":0,"8":0,"9":0,"10":0,"11":0,"12":0,"13":0,"14":0,"15":0,"16":0,"17":0,"18":0,"19":0,"20":0,"21":0,"22":0,"23":0,"24":0,"25":0,"26":0,"27":0,"28":0,"29":0,"30":0,"31":0,"32":0,"33":0,"34":1},"f":{"0":0,"1":0,"2":0,"3":0,"4":0,"5":0,"6":0,"7":0},"b":{"0":[0,0],"1":[0,0],"2":[0,0]},"_coverageSchema":"1a1c01bbd47fc00a2c39e90264f33305004495a9","hash":"fd2f86e73f773837de5366499fb6d120d4c725c9"}
,"C:\\Users\\nikla\\ski-alpin-manager\\src\\models\\race.js": {"path":"C:\\Users\\nikla\\ski-alpin-manager\\src\\models\\race.js","statementMap":{"0":{"start":{"line":1,"column":15},"end":{"line":1,"column":44}},"1":{"start":{"line":5,"column":8},"end":{"line":16,"column":11}},"2":{"start":{"line":6,"column":24},"end":{"line":10,"column":13}},"3":{"start":{"line":12,"column":12},"end":{"line":15,"column":15}},"4":{"start":{"line":13,"column":16},"end":{"line":13,"column":44}},"5":{"start":{"line":13,"column":25},"end":{"line":13,"column":44}},"6":{"start":{"line":14,"column":16},"end":{"line":14,"column":37}},"7":{"start":{"line":20,"column":8},"end":{"line":31,"column":11}},"8":{"start":{"line":21,"column":24},"end":{"line":24,"column":13}},"9":{"start":{"line":26,"column":12},"end":{"line":30,"column":15}},"10":{"start":{"line":27,"column":16},"end":{"line":27,"column":44}},"11":{"start":{"line":27,"column":25},"end":{"line":27,"column":44}},"12":{"start":{"line":28,"column":16},"end":{"line":28,"column":77}},"13":{"start":{"line":28,"column":27},"end":{"line":28,"column":77}},"14":{"start":{"line":29,"column":16},"end":{"line":29,"column":30}},"15":{"start":{"line":35,"column":8},"end":{"line":59,"column":11}},"16":{"start":{"line":36,"column":29},"end":{"line":39,"column":13}},"17":{"start":{"line":41,"column":12},"end":{"line":58,"column":15}},"18":{"start":{"line":42,"column":16},"end":{"line":42,"column":44}},"19":{"start":{"line":42,"column":25},"end":{"line":42,"column":44}},"20":{"start":{"line":43,"column":16},"end":{"line":46,"column":17}},"21":{"start":{"line":44,"column":20},"end":{"line":44,"column":66}},"22":{"start":{"line":45,"column":20},"end":{"line":45,"column":37}},"23":{"start":{"line":48,"column":28},"end":{"line":52,"column":17}},"24":{"start":{"line":54,"column":16},"end":{"line":57,"column":19}},"25":{"start":{"line":55,"column":20},"end":{"line":55,"column":48}},"26":{"start":{"line":55,"column":29},"end":{"line":55,"column":48}},"27":{"start":{"line":56,"column":20},"end":{"line":56,"column":30}},"28":{"start":{"line":63,"column":8},"end":{"line":130,"column":11}},"29":{"start":{"line":64,"column":12},"end":{"line":129,"column":13}},"30":{"start":{"line":65,"column":28},"end":{"line":71,"column":17}},"31":{"start":{"line":73,"column":16},"end":{"line":126,"column":19}},"32":{"start":{"line":74,"column":20},"end":{"line":74,"column":48}},"33":{"start":{"line":74,"column":29},"end":{"line":74,"column":48}},"34":{"start":{"line":76,"column":36},"end":{"line":93,"column":22}},"35":{"start":{"line":77,"column":41},"end":{"line":77,"column":44}},"36":{"start":{"line":78,"column":44},"end":{"line":84,"column":30}},"37":{"start":{"line":86,"column":45},"end":{"line":86,"column":71}},"38":{"start":{"line":87,"column":42},"end":{"line":87,"column":79}},"39":{"start":{"line":89,"column":24},"end":{"line":92,"column":26}},"40":{"start":{"line":95,"column":20},"end":{"line":95,"column":60}},"41":{"start":{"line":95,"column":43},"end":{"line":95,"column":58}},"42":{"start":{"line":96,"column":20},"end":{"line":99,"column":23}},"43":{"start":{"line":97,"column":24},"end":{"line":97,"column":48}},"44":{"start":{"line":98,"column":24},"end":{"line":98,"column":72}},"45":{"start":{"line":101,"column":43},"end":{"line":113,"column":22}},"46":{"start":{"line":102,"column":24},"end":{"line":112,"column":27}},"47":{"start":{"line":103,"column":46},"end":{"line":107,"column":29}},"48":{"start":{"line":108,"column":28},"end":{"line":111,"column":30}},"49":{"start":{"line":110,"column":39},"end":{"line":110,"column":68}},"50":{"start":{"line":115,"column":20},"end":{"line":115,"column":54}},"51":{"start":{"line":117,"column":42},"end":{"line":121,"column":21}},"52":{"start":{"line":122,"column":20},"end":{"line":125,"column":23}},"53":{"start":{"line":123,"column":24},"end":{"line":123,"column":52}},"54":{"start":{"line":123,"column":33},"end":{"line":123,"column":52}},"55":{"start":{"line":124,"column":24},"end":{"line":124,"column":41}},"56":{"start":{"line":128,"column":16},"end":{"line":128,"column":30}},"57":{"start":{"line":134,"column":8},"end":{"line":148,"column":11}},"58":{"start":{"line":135,"column":24},"end":{"line":142,"column":13}},"59":{"start":{"line":144,"column":12},"end":{"line":147,"column":15}},"60":{"start":{"line":145,"column":16},"end":{"line":145,"column":44}},"61":{"start":{"line":145,"column":25},"end":{"line":145,"column":44}},"62":{"start":{"line":146,"column":16},"end":{"line":146,"column":39}},"63":{"start":{"line":152,"column":0},"end":{"line":152,"column":22}}},"fnMap":{"0":{"name":"(anonymous_0)","decl":{"start":{"line":4,"column":4},"end":{"line":4,"column":5}},"loc":{"start":{"line":4,"column":26},"end":{"line":17,"column":5}},"line":4},"1":{"name":"(anonymous_1)","decl":{"start":{"line":5,"column":27},"end":{"line":5,"column":28}},"loc":{"start":{"line":5,"column":48},"end":{"line":16,"column":9}},"line":5},"2":{"name":"(anonymous_2)","decl":{"start":{"line":12,"column":28},"end":{"line":12,"column":29}},"loc":{"start":{"line":12,"column":44},"end":{"line":15,"column":13}},"line":12},"3":{"name":"(anonymous_3)","decl":{"start":{"line":19,"column":4},"end":{"line":19,"column":5}},"loc":{"start":{"line":19,"column":29},"end":{"line":32,"column":5}},"line":19},"4":{"name":"(anonymous_4)","decl":{"start":{"line":20,"column":27},"end":{"line":20,"column":28}},"loc":{"start":{"line":20,"column":48},"end":{"line":31,"column":9}},"line":20},"5":{"name":"(anonymous_5)","decl":{"start":{"line":26,"column":30},"end":{"line":26,"column":31}},"loc":{"start":{"line":26,"column":45},"end":{"line":30,"column":13}},"line":26},"6":{"name":"(anonymous_6)","decl":{"start":{"line":34,"column":4},"end":{"line":34,"column":5}},"loc":{"start":{"line":34,"column":50},"end":{"line":60,"column":5}},"line":34},"7":{"name":"(anonymous_7)","decl":{"start":{"line":35,"column":27},"end":{"line":35,"column":28}},"loc":{"start":{"line":35,"column":48},"end":{"line":59,"column":9}},"line":35},"8":{"name":"(anonymous_8)","decl":{"start":{"line":41,"column":49},"end":{"line":41,"column":50}},"loc":{"start":{"line":41,"column":68},"end":{"line":58,"column":13}},"line":41},"9":{"name":"(anonymous_9)","decl":{"start":{"line":54,"column":48},"end":{"line":54,"column":49}},"loc":{"start":{"line":54,"column":57},"end":{"line":57,"column":17}},"line":54},"10":{"name":"(anonymous_10)","decl":{"start":{"line":62,"column":4},"end":{"line":62,"column":5}},"loc":{"start":{"line":62,"column":38},"end":{"line":131,"column":5}},"line":62},"11":{"name":"(anonymous_11)","decl":{"start":{"line":63,"column":27},"end":{"line":63,"column":28}},"loc":{"start":{"line":63,"column":54},"end":{"line":130,"column":9}},"line":63},"12":{"name":"(anonymous_12)","decl":{"start":{"line":73,"column":38},"end":{"line":73,"column":39}},"loc":{"start":{"line":73,"column":67},"end":{"line":126,"column":17}},"line":73},"13":{"name":"(anonymous_13)","decl":{"start":{"line":76,"column":53},"end":{"line":76,"column":54}},"loc":{"start":{"line":76,"column":63},"end":{"line":93,"column":21}},"line":76},"14":{"name":"(anonymous_14)","decl":{"start":{"line":95,"column":33},"end":{"line":95,"column":34}},"loc":{"start":{"line":95,"column":43},"end":{"line":95,"column":58}},"line":95},"15":{"name":"(anonymous_15)","decl":{"start":{"line":96,"column":36},"end":{"line":96,"column":37}},"loc":{"start":{"line":96,"column":55},"end":{"line":99,"column":21}},"line":96},"16":{"name":"(anonymous_16)","decl":{"start":{"line":101,"column":55},"end":{"line":101,"column":56}},"loc":{"start":{"line":101,"column":65},"end":{"line":113,"column":21}},"line":101},"17":{"name":"(anonymous_17)","decl":{"start":{"line":102,"column":43},"end":{"line":102,"column":44}},"loc":{"start":{"line":102,"column":64},"end":{"line":112,"column":25}},"line":102},"18":{"name":"(anonymous_18)","decl":{"start":{"line":110,"column":32},"end":{"line":110,"column":33}},"loc":{"start":{"line":110,"column":39},"end":{"line":110,"column":68}},"line":110},"19":{"name":"(anonymous_19)","decl":{"start":{"line":122,"column":52},"end":{"line":122,"column":53}},"loc":{"start":{"line":122,"column":59},"end":{"line":125,"column":21}},"line":122},"20":{"name":"(anonymous_20)","decl":{"start":{"line":133,"column":4},"end":{"line":133,"column":5}},"loc":{"start":{"line":133,"column":36},"end":{"line":149,"column":5}},"line":133},"21":{"name":"(anonymous_21)","decl":{"start":{"line":134,"column":27},"end":{"line":134,"column":28}},"loc":{"start":{"line":134,"column":48},"end":{"line":148,"column":9}},"line":134},"22":{"name":"(anonymous_22)","decl":{"start":{"line":144,"column":34},"end":{"line":144,"column":35}},"loc":{"start":{"line":144,"column":52},"end":{"line":147,"column":13}},"line":144}},"branchMap":{"0":{"loc":{"start":{"line":13,"column":16},"end":{"line":13,"column":44}},"type":"if","locations":[{"start":{"line":13,"column":16},"end":{"line":13,"column":44}},{"start":{},"end":{}}],"line":13},"1":{"loc":{"start":{"line":14,"column":24},"end":{"line":14,"column":35}},"type":"binary-expr","locations":[{"start":{"line":14,"column":24},"end":{"line":14,"column":29}},{"start":{"line":14,"column":33},"end":{"line":14,"column":35}}],"line":14},"2":{"loc":{"start":{"line":27,"column":16},"end":{"line":27,"column":44}},"type":"if","locations":[{"start":{"line":27,"column":16},"end":{"line":27,"column":44}},{"start":{},"end":{}}],"line":27},"3":{"loc":{"start":{"line":28,"column":16},"end":{"line":28,"column":77}},"type":"if","locations":[{"start":{"line":28,"column":16},"end":{"line":28,"column":77}},{"start":{},"end":{}}],"line":28},"4":{"loc":{"start":{"line":42,"column":16},"end":{"line":42,"column":44}},"type":"if","locations":[{"start":{"line":42,"column":16},"end":{"line":42,"column":44}},{"start":{},"end":{}}],"line":42},"5":{"loc":{"start":{"line":43,"column":16},"end":{"line":46,"column":17}},"type":"if","locations":[{"start":{"line":43,"column":16},"end":{"line":46,"column":17}},{"start":{},"end":{}}],"line":43},"6":{"loc":{"start":{"line":55,"column":20},"end":{"line":55,"column":48}},"type":"if","locations":[{"start":{"line":55,"column":20},"end":{"line":55,"column":48}},{"start":{},"end":{}}],"line":55},"7":{"loc":{"start":{"line":74,"column":20},"end":{"line":74,"column":48}},"type":"if","locations":[{"start":{"line":74,"column":20},"end":{"line":74,"column":48}},{"start":{},"end":{}}],"line":74},"8":{"loc":{"start":{"line":79,"column":29},"end":{"line":79,"column":49}},"type":"binary-expr","locations":[{"start":{"line":79,"column":29},"end":{"line":79,"column":43}},{"start":{"line":79,"column":47},"end":{"line":79,"column":49}}],"line":79},"9":{"loc":{"start":{"line":80,"column":29},"end":{"line":80,"column":47}},"type":"binary-expr","locations":[{"start":{"line":80,"column":29},"end":{"line":80,"column":41}},{"start":{"line":80,"column":45},"end":{"line":80,"column":47}}],"line":80},"10":{"loc":{"start":{"line":81,"column":29},"end":{"line":81,"column":46}},"type":"binary-expr","locations":[{"start":{"line":81,"column":29},"end":{"line":81,"column":40}},{"start":{"line":81,"column":44},"end":{"line":81,"column":46}}],"line":81},"11":{"loc":{"start":{"line":82,"column":29},"end":{"line":82,"column":54}},"type":"binary-expr","locations":[{"start":{"line":82,"column":29},"end":{"line":82,"column":48}},{"start":{"line":82,"column":52},"end":{"line":82,"column":54}}],"line":82},"12":{"loc":{"start":{"line":83,"column":29},"end":{"line":83,"column":55}},"type":"binary-expr","locations":[{"start":{"line":83,"column":29},"end":{"line":83,"column":49}},{"start":{"line":83,"column":53},"end":{"line":83,"column":55}}],"line":83},"13":{"loc":{"start":{"line":110,"column":39},"end":{"line":110,"column":68}},"type":"cond-expr","locations":[{"start":{"line":110,"column":45},"end":{"line":110,"column":56}},{"start":{"line":110,"column":59},"end":{"line":110,"column":68}}],"line":110},"14":{"loc":{"start":{"line":123,"column":24},"end":{"line":123,"column":52}},"type":"if","locations":[{"start":{"line":123,"column":24},"end":{"line":123,"column":52}},{"start":{},"end":{}}],"line":123},"15":{"loc":{"start":{"line":145,"column":16},"end":{"line":145,"column":44}},"type":"if","locations":[{"start":{"line":145,"column":16},"end":{"line":145,"column":44}},{"start":{},"end":{}}],"line":145},"16":{"loc":{"start":{"line":146,"column":24},"end":{"line":146,"column":37}},"type":"binary-expr","locations":[{"start":{"line":146,"column":24},"end":{"line":146,"column":31}},{"start":{"line":146,"column":35},"end":{"line":146,"column":37}}],"line":146}},"s":{"0":1,"1":0,"2":0,"3":0,"4":0,"5":0,"6":0,"7":0,"8":0,"9":0,"10":0,"11":0,"12":0,"13":0,"14":0,"15":0,"16":0,"17":0,"18":0,"19":0,"20":0,"21":0,"22":0,"23":0,"24":0,"25":0,"26":0,"27":0,"28":0,"29":0,"30":0,"31":0,"32":0,"33":0,"34":0,"35":0,"36":0,"37":0,"38":0,"39":0,"40":0,"41":0,"42":0,"43":0,"44":0,"45":0,"46":0,"47":0,"48":0,"49":0,"50":0,"51":0,"52":0,"53":0,"54":0,"55":0,"56":0,"57":0,"58":0,"59":0,"60":0,"61":0,"62":0,"63":1},"f":{"0":0,"1":0,"2":0,"3":0,"4":0,"5":0,"6":0,"7":0,"8":0,"9":0,"10":0,"11":0,"12":0,"13":0,"14":0,"15":0,"16":0,"17":0,"18":0,"19":0,"20":0,"21":0,"22":0},"b":{"0":[0,0],"1":[0,0],"2":[0,0],"3":[0,0],"4":[0,0],"5":[0,0],"6":[0,0],"7":[0,0],"8":[0,0],"9":[0,0],"10":[0,0],"11":[0,0],"12":[0,0],"13":[0,0],"14":[0,0],"15":[0,0],"16":[0,0]},"_coverageSchema":"1a1c01bbd47fc00a2c39e90264f33305004495a9","hash":"0a05618cd7ea2fd8e017399c5179a57397df56b7"}
,"C:\\Users\\nikla\\ski-alpin-manager\\src\\models\\team.js": {"path":"C:\\Users\\nikla\\ski-alpin-manager\\src\\models\\team.js","statementMap":{"0":{"start":{"line":1,"column":17},"end":{"line":1,"column":46}},"1":{"start":{"line":4,"column":29},"end":{"line":9,"column":5}},"2":{"start":{"line":15,"column":23},"end":{"line":18,"column":9}},"3":{"start":{"line":19,"column":8},"end":{"line":19,"column":30}},"4":{"start":{"line":26,"column":8},"end":{"line":40,"column":9}},"5":{"start":{"line":27,"column":27},"end":{"line":30,"column":13}},"6":{"start":{"line":32,"column":12},"end":{"line":34,"column":13}},"7":{"start":{"line":33,"column":16},"end":{"line":33,"column":28}},"8":{"start":{"line":36,"column":12},"end":{"line":36,"column":34}},"9":{"start":{"line":38,"column":12},"end":{"line":38,"column":58}},"10":{"start":{"line":39,"column":12},"end":{"line":39,"column":24}},"11":{"start":{"line":47,"column":23},"end":{"line":47,"column":62}},"12":{"start":{"line":48,"column":8},"end":{"line":48,"column":27}},"13":{"start":{"line":55,"column":23},"end":{"line":74,"column":9}},"14":{"start":{"line":75,"column":8},"end":{"line":75,"column":33}},"15":{"start":{"line":82,"column":8},"end":{"line":94,"column":10}},"16":{"start":{"line":101,"column":21},"end":{"line":101,"column":43}},"17":{"start":{"line":102,"column":8},"end":{"line":102,"column":31}},"18":{"start":{"line":102,"column":19},"end":{"line":102,"column":31}},"19":{"start":{"line":104,"column":25},"end":{"line":112,"column":16}},"20":{"start":{"line":114,"column":8},"end":{"line":117,"column":10}},"21":{"start":{"line":124,"column":8},"end":{"line":127,"column":10}},"22":{"start":{"line":134,"column":8},"end":{"line":143,"column":10}},"23":{"start":{"line":150,"column":23},"end":{"line":150,"column":78}},"24":{"start":{"line":151,"column":8},"end":{"line":151,"column":46}},"25":{"start":{"line":158,"column":23},"end":{"line":158,"column":81}},"26":{"start":{"line":159,"column":8},"end":{"line":159,"column":46}},"27":{"start":{"line":166,"column":8},"end":{"line":182,"column":9}},"28":{"start":{"line":167,"column":27},"end":{"line":176,"column":24}},"29":{"start":{"line":178,"column":12},"end":{"line":178,"column":31}},"30":{"start":{"line":180,"column":12},"end":{"line":180,"column":58}},"31":{"start":{"line":181,"column":12},"end":{"line":181,"column":24}},"32":{"start":{"line":186,"column":0},"end":{"line":186,"column":22}}},"fnMap":{"0":{"name":"(anonymous_0)","decl":{"start":{"line":14,"column":4},"end":{"line":14,"column":5}},"loc":{"start":{"line":14,"column":29},"end":{"line":20,"column":5}},"line":14},"1":{"name":"(anonymous_1)","decl":{"start":{"line":25,"column":4},"end":{"line":25,"column":5}},"loc":{"start":{"line":25,"column":37},"end":{"line":41,"column":5}},"line":25},"2":{"name":"(anonymous_2)","decl":{"start":{"line":46,"column":4},"end":{"line":46,"column":5}},"loc":{"start":{"line":46,"column":26},"end":{"line":49,"column":5}},"line":46},"3":{"name":"(anonymous_3)","decl":{"start":{"line":54,"column":4},"end":{"line":54,"column":5}},"loc":{"start":{"line":54,"column":34},"end":{"line":76,"column":5}},"line":54},"4":{"name":"(anonymous_4)","decl":{"start":{"line":81,"column":4},"end":{"line":81,"column":5}},"loc":{"start":{"line":81,"column":38},"end":{"line":95,"column":5}},"line":81},"5":{"name":"(anonymous_5)","decl":{"start":{"line":100,"column":4},"end":{"line":100,"column":5}},"loc":{"start":{"line":100,"column":36},"end":{"line":118,"column":5}},"line":100},"6":{"name":"(anonymous_6)","decl":{"start":{"line":123,"column":4},"end":{"line":123,"column":5}},"loc":{"start":{"line":123,"column":42},"end":{"line":128,"column":5}},"line":123},"7":{"name":"(anonymous_7)","decl":{"start":{"line":133,"column":4},"end":{"line":133,"column":5}},"loc":{"start":{"line":133,"column":46},"end":{"line":144,"column":5}},"line":133},"8":{"name":"(anonymous_8)","decl":{"start":{"line":149,"column":4},"end":{"line":149,"column":5}},"loc":{"start":{"line":149,"column":28},"end":{"line":152,"column":5}},"line":149},"9":{"name":"(anonymous_9)","decl":{"start":{"line":157,"column":4},"end":{"line":157,"column":5}},"loc":{"start":{"line":157,"column":41},"end":{"line":160,"column":5}},"line":157},"10":{"name":"(anonymous_10)","decl":{"start":{"line":165,"column":4},"end":{"line":165,"column":5}},"loc":{"start":{"line":165,"column":37},"end":{"line":183,"column":5}},"line":165}},"branchMap":{"0":{"loc":{"start":{"line":32,"column":12},"end":{"line":34,"column":13}},"type":"if","locations":[{"start":{"line":32,"column":12},"end":{"line":34,"column":13}},{"start":{},"end":{}}],"line":32},"1":{"loc":{"start":{"line":66,"column":16},"end":{"line":66,"column":42}},"type":"binary-expr","locations":[{"start":{"line":66,"column":16},"end":{"line":66,"column":31}},{"start":{"line":66,"column":35},"end":{"line":66,"column":42}}],"line":66},"2":{"loc":{"start":{"line":67,"column":16},"end":{"line":67,"column":41}},"type":"binary-expr","locations":[{"start":{"line":67,"column":16},"end":{"line":67,"column":35}},{"start":{"line":67,"column":39},"end":{"line":67,"column":41}}],"line":67},"3":{"loc":{"start":{"line":69,"column":16},"end":{"line":69,"column":48}},"type":"binary-expr","locations":[{"start":{"line":69,"column":16},"end":{"line":69,"column":39}},{"start":{"line":69,"column":43},"end":{"line":69,"column":48}}],"line":69},"4":{"loc":{"start":{"line":70,"column":16},"end":{"line":70,"column":50}},"type":"binary-expr","locations":[{"start":{"line":70,"column":16},"end":{"line":70,"column":44}},{"start":{"line":70,"column":48},"end":{"line":70,"column":50}}],"line":70},"5":{"loc":{"start":{"line":71,"column":16},"end":{"line":71,"column":44}},"type":"binary-expr","locations":[{"start":{"line":71,"column":16},"end":{"line":71,"column":38}},{"start":{"line":71,"column":42},"end":{"line":71,"column":44}}],"line":71},"6":{"loc":{"start":{"line":72,"column":16},"end":{"line":72,"column":48}},"type":"binary-expr","locations":[{"start":{"line":72,"column":16},"end":{"line":72,"column":42}},{"start":{"line":72,"column":46},"end":{"line":72,"column":48}}],"line":72},"7":{"loc":{"start":{"line":102,"column":8},"end":{"line":102,"column":31}},"type":"if","locations":[{"start":{"line":102,"column":8},"end":{"line":102,"column":31}},{"start":{},"end":{}}],"line":102}},"s":{"0":10,"1":10,"2":7,"3":0,"4":1,"5":1,"6":0,"7":0,"8":0,"9":1,"10":1,"11":0,"12":0,"13":3,"14":0,"15":5,"16":4,"17":0,"18":0,"19":0,"20":0,"21":3,"22":4,"23":3,"24":0,"25":0,"26":0,"27":0,"28":0,"29":0,"30":0,"31":0,"32":10},"f":{"0":7,"1":1,"2":0,"3":3,"4":5,"5":4,"6":3,"7":4,"8":3,"9":0,"10":0},"b":{"0":[0,0],"1":[0,0],"2":[0,0],"3":[0,0],"4":[0,0],"5":[0,0],"6":[0,0],"7":[0,0]},"_coverageSchema":"1a1c01bbd47fc00a2c39e90264f33305004495a9","hash":"cd9e12faf5572aa5ca225476065048c8d19e4cce"}
,"C:\\Users\\nikla\\ski-alpin-manager\\src\\models\\teamFacilities.js": {"path":"C:\\Users\\nikla\\ski-alpin-manager\\src\\models\\teamFacilities.js","statementMap":{"0":{"start":{"line":1,"column":20},"end":{"line":1,"column":49}},"1":{"start":{"line":5,"column":28},"end":{"line":13,"column":5}},"2":{"start":{"line":19,"column":8},"end":{"line":22,"column":10}},"3":{"start":{"line":29,"column":8},"end":{"line":40,"column":10}},"4":{"start":{"line":47,"column":8},"end":{"line":57,"column":10}},"5":{"start":{"line":64,"column":23},"end":{"line":78,"column":9}},"6":{"start":{"line":79,"column":8},"end":{"line":79,"column":29}},"7":{"start":{"line":86,"column":27},"end":{"line":94,"column":9}},"8":{"start":{"line":95,"column":8},"end":{"line":95,"column":46}},"9":{"start":{"line":102,"column":25},"end":{"line":102,"column":47}},"10":{"start":{"line":103,"column":28},"end":{"line":103,"column":57}},"11":{"start":{"line":105,"column":8},"end":{"line":114,"column":10}},"12":{"start":{"line":117,"column":8},"end":{"line":122,"column":10}},"13":{"start":{"line":129,"column":32},"end":{"line":129,"column":65}},"14":{"start":{"line":131,"column":8},"end":{"line":140,"column":10}},"15":{"start":{"line":143,"column":8},"end":{"line":148,"column":10}},"16":{"start":{"line":155,"column":8},"end":{"line":168,"column":10}},"17":{"start":{"line":175,"column":25},"end":{"line":175,"column":47}},"18":{"start":{"line":176,"column":8},"end":{"line":176,"column":67}},"19":{"start":{"line":183,"column":25},"end":{"line":183,"column":47}},"20":{"start":{"line":184,"column":25},"end":{"line":192,"column":9}},"21":{"start":{"line":193,"column":8},"end":{"line":193,"column":80}},"22":{"start":{"line":200,"column":25},"end":{"line":200,"column":47}},"23":{"start":{"line":201,"column":25},"end":{"line":209,"column":9}},"24":{"start":{"line":210,"column":8},"end":{"line":210,"column":65}},"25":{"start":{"line":214,"column":0},"end":{"line":214,"column":32}}},"fnMap":{"0":{"name":"(anonymous_0)","decl":{"start":{"line":18,"column":4},"end":{"line":18,"column":5}},"loc":{"start":{"line":18,"column":29},"end":{"line":23,"column":5}},"line":18},"1":{"name":"(anonymous_1)","decl":{"start":{"line":28,"column":4},"end":{"line":28,"column":5}},"loc":{"start":{"line":28,"column":37},"end":{"line":41,"column":5}},"line":28},"2":{"name":"(anonymous_2)","decl":{"start":{"line":46,"column":4},"end":{"line":46,"column":5}},"loc":{"start":{"line":46,"column":49},"end":{"line":58,"column":5}},"line":46},"3":{"name":"(anonymous_3)","decl":{"start":{"line":63,"column":4},"end":{"line":63,"column":5}},"loc":{"start":{"line":63,"column":38},"end":{"line":80,"column":5}},"line":63},"4":{"name":"(anonymous_4)","decl":{"start":{"line":85,"column":4},"end":{"line":85,"column":5}},"loc":{"start":{"line":85,"column":41},"end":{"line":96,"column":5}},"line":85},"5":{"name":"(anonymous_5)","decl":{"start":{"line":101,"column":4},"end":{"line":101,"column":5}},"loc":{"start":{"line":101,"column":29},"end":{"line":123,"column":5}},"line":101},"6":{"name":"(anonymous_6)","decl":{"start":{"line":128,"column":4},"end":{"line":128,"column":5}},"loc":{"start":{"line":128,"column":30},"end":{"line":149,"column":5}},"line":128},"7":{"name":"(anonymous_7)","decl":{"start":{"line":154,"column":4},"end":{"line":154,"column":5}},"loc":{"start":{"line":154,"column":41},"end":{"line":169,"column":5}},"line":154},"8":{"name":"(anonymous_8)","decl":{"start":{"line":174,"column":4},"end":{"line":174,"column":5}},"loc":{"start":{"line":174,"column":38},"end":{"line":177,"column":5}},"line":174},"9":{"name":"(anonymous_9)","decl":{"start":{"line":182,"column":4},"end":{"line":182,"column":5}},"loc":{"start":{"line":182,"column":36},"end":{"line":194,"column":5}},"line":182},"10":{"name":"(anonymous_10)","decl":{"start":{"line":199,"column":4},"end":{"line":199,"column":5}},"loc":{"start":{"line":199,"column":40},"end":{"line":211,"column":5}},"line":199}},"branchMap":{"0":{"loc":{"start":{"line":72,"column":16},"end":{"line":72,"column":39}},"type":"binary-expr","locations":[{"start":{"line":72,"column":16},"end":{"line":72,"column":34}},{"start":{"line":72,"column":38},"end":{"line":72,"column":39}}],"line":72},"1":{"loc":{"start":{"line":73,"column":16},"end":{"line":73,"column":45}},"type":"binary-expr","locations":[{"start":{"line":73,"column":16},"end":{"line":73,"column":38}},{"start":{"line":73,"column":42},"end":{"line":73,"column":45}}],"line":73},"2":{"loc":{"start":{"line":75,"column":16},"end":{"line":75,"column":46}},"type":"binary-expr","locations":[{"start":{"line":75,"column":16},"end":{"line":75,"column":39}},{"start":{"line":75,"column":43},"end":{"line":75,"column":46}}],"line":75},"3":{"loc":{"start":{"line":76,"column":16},"end":{"line":76,"column":50}},"type":"binary-expr","locations":[{"start":{"line":76,"column":16},"end":{"line":76,"column":45}},{"start":{"line":76,"column":49},"end":{"line":76,"column":50}}],"line":76},"4":{"loc":{"start":{"line":95,"column":15},"end":{"line":95,"column":45}},"type":"binary-expr","locations":[{"start":{"line":95,"column":15},"end":{"line":95,"column":39}},{"start":{"line":95,"column":43},"end":{"line":95,"column":45}}],"line":95},"5":{"loc":{"start":{"line":176,"column":15},"end":{"line":176,"column":66}},"type":"binary-expr","locations":[{"start":{"line":176,"column":15},"end":{"line":176,"column":38}},{"start":{"line":176,"column":42},"end":{"line":176,"column":66}}],"line":176}},"s":{"0":1,"1":1,"2":0,"3":0,"4":0,"5":0,"6":0,"7":0,"8":0,"9":0,"10":0,"11":0,"12":0,"13":0,"14":0,"15":0,"16":0,"17":0,"18":0,"19":0,"20":0,"21":0,"22":0,"23":0,"24":0,"25":1},"f":{"0":0,"1":0,"2":0,"3":0,"4":0,"5":0,"6":0,"7":0,"8":0,"9":0,"10":0},"b":{"0":[0,0],"1":[0,0],"2":[0,0],"3":[0,0],"4":[0,0],"5":[0,0]},"_coverageSchema":"1a1c01bbd47fc00a2c39e90264f33305004495a9","hash":"3def9267c797d71f680cfba25f12710f2238a13c"}
,"C:\\Users\\nikla\\ski-alpin-manager\\src\\models\\token.js": {"path":"C:\\Users\\nikla\\ski-alpin-manager\\src\\models\\token.js","statementMap":{"0":{"start":{"line":1,"column":20},"end":{"line":1,"column":49}},"1":{"start":{"line":8,"column":51},"end":{"line":8,"column":60}},"2":{"start":{"line":10,"column":23},"end":{"line":14,"column":44}},"3":{"start":{"line":16,"column":8},"end":{"line":16,"column":29}},"4":{"start":{"line":23,"column":8},"end":{"line":26,"column":10}},"5":{"start":{"line":33,"column":8},"end":{"line":36,"column":10}},"6":{"start":{"line":43,"column":8},"end":{"line":45,"column":10}},"7":{"start":{"line":50,"column":29},"end":{"line":62,"column":1}},"8":{"start":{"line":51,"column":4},"end":{"line":61,"column":7}},"9":{"start":{"line":64,"column":0},"end":{"line":67,"column":2}}},"fnMap":{"0":{"name":"(anonymous_0)","decl":{"start":{"line":7,"column":4},"end":{"line":7,"column":5}},"loc":{"start":{"line":7,"column":35},"end":{"line":17,"column":5}},"line":7},"1":{"name":"(anonymous_1)","decl":{"start":{"line":22,"column":4},"end":{"line":22,"column":5}},"loc":{"start":{"line":22,"column":38},"end":{"line":27,"column":5}},"line":22},"2":{"name":"(anonymous_2)","decl":{"start":{"line":32,"column":4},"end":{"line":32,"column":5}},"loc":{"start":{"line":32,"column":37},"end":{"line":37,"column":5}},"line":32},"3":{"name":"(anonymous_3)","decl":{"start":{"line":42,"column":4},"end":{"line":42,"column":5}},"loc":{"start":{"line":42,"column":33},"end":{"line":46,"column":5}},"line":42},"4":{"name":"(anonymous_4)","decl":{"start":{"line":50,"column":29},"end":{"line":50,"column":30}},"loc":{"start":{"line":50,"column":41},"end":{"line":62,"column":1}},"line":50}},"branchMap":{},"s":{"0":9,"1":2,"2":2,"3":1,"4":2,"5":2,"6":2,"7":9,"8":2,"9":9},"f":{"0":2,"1":2,"2":2,"3":2,"4":2},"b":{},"_coverageSchema":"1a1c01bbd47fc00a2c39e90264f33305004495a9","hash":"d532e92ab81dc326e8b58a1662b6886bc511d112"}
,"C:\\Users\\nikla\\ski-alpin-manager\\src\\models\\user.js": {"path":"C:\\Users\\nikla\\ski-alpin-manager\\src\\models\\user.js","statementMap":{"0":{"start":{"line":1,"column":20},"end":{"line":1,"column":49}},"1":{"start":{"line":2,"column":15},"end":{"line":2,"column":32}},"2":{"start":{"line":10,"column":8},"end":{"line":45,"column":9}},"3":{"start":{"line":11,"column":73},"end":{"line":11,"column":81}},"4":{"start":{"line":14,"column":33},"end":{"line":17,"column":13}},"5":{"start":{"line":19,"column":12},"end":{"line":21,"column":13}},"6":{"start":{"line":20,"column":16},"end":{"line":20,"column":77}},"7":{"start":{"line":24,"column":35},"end":{"line":24,"column":66}},"8":{"start":{"line":27,"column":27},"end":{"line":32,"column":72}},"9":{"start":{"line":35,"column":12},"end":{"line":40,"column":32}},"10":{"start":{"line":42,"column":12},"end":{"line":42,"column":33}},"11":{"start":{"line":44,"column":12},"end":{"line":44,"column":89}},"12":{"start":{"line":52,"column":8},"end":{"line":80,"column":9}},"13":{"start":{"line":53,"column":26},"end":{"line":68,"column":20}},"14":{"start":{"line":70,"column":12},"end":{"line":77,"column":14}},"15":{"start":{"line":79,"column":12},"end":{"line":79,"column":90}},"16":{"start":{"line":88,"column":8},"end":{"line":103,"column":9}},"17":{"start":{"line":89,"column":25},"end":{"line":92,"column":13}},"18":{"start":{"line":94,"column":12},"end":{"line":94,"column":35}},"19":{"start":{"line":94,"column":23},"end":{"line":94,"column":35}},"20":{"start":{"line":96,"column":34},"end":{"line":96,"column":79}},"21":{"start":{"line":97,"column":12},"end":{"line":97,"column":44}},"22":{"start":{"line":97,"column":32},"end":{"line":97,"column":44}},"23":{"start":{"line":99,"column":60},"end":{"line":99,"column":64}},"24":{"start":{"line":100,"column":12},"end":{"line":100,"column":39}},"25":{"start":{"line":102,"column":12},"end":{"line":102,"column":74}},"26":{"start":{"line":111,"column":8},"end":{"line":122,"column":9}},"27":{"start":{"line":112,"column":25},"end":{"line":115,"column":13}},"28":{"start":{"line":116,"column":12},"end":{"line":116,"column":66}},"29":{"start":{"line":116,"column":23},"end":{"line":116,"column":66}},"30":{"start":{"line":118,"column":60},"end":{"line":118,"column":64}},"31":{"start":{"line":119,"column":12},"end":{"line":119,"column":39}},"32":{"start":{"line":121,"column":12},"end":{"line":121,"column":83}},"33":{"start":{"line":130,"column":8},"end":{"line":158,"column":9}},"34":{"start":{"line":131,"column":28},"end":{"line":131,"column":30}},"35":{"start":{"line":132,"column":27},"end":{"line":132,"column":29}},"36":{"start":{"line":134,"column":12},"end":{"line":142,"column":13}},"37":{"start":{"line":135,"column":16},"end":{"line":141,"column":17}},"38":{"start":{"line":136,"column":20},"end":{"line":136,"column":47}},"39":{"start":{"line":137,"column":20},"end":{"line":137,"column":62}},"40":{"start":{"line":139,"column":20},"end":{"line":139,"column":47}},"41":{"start":{"line":140,"column":20},"end":{"line":140,"column":39}},"42":{"start":{"line":144,"column":12},"end":{"line":144,"column":57}},"43":{"start":{"line":145,"column":12},"end":{"line":145,"column":28}},"44":{"start":{"line":147,"column":27},"end":{"line":151,"column":22}},"45":{"start":{"line":153,"column":12},"end":{"line":155,"column":13}},"46":{"start":{"line":154,"column":16},"end":{"line":154,"column":72}},"47":{"start":{"line":157,"column":12},"end":{"line":157,"column":89}},"48":{"start":{"line":166,"column":8},"end":{"line":176,"column":9}},"49":{"start":{"line":167,"column":27},"end":{"line":170,"column":13}},"50":{"start":{"line":171,"column":12},"end":{"line":173,"column":13}},"51":{"start":{"line":172,"column":16},"end":{"line":172,"column":80}},"52":{"start":{"line":175,"column":12},"end":{"line":175,"column":88}},"53":{"start":{"line":184,"column":8},"end":{"line":194,"column":9}},"54":{"start":{"line":185,"column":27},"end":{"line":188,"column":13}},"55":{"start":{"line":189,"column":12},"end":{"line":191,"column":13}},"56":{"start":{"line":190,"column":16},"end":{"line":190,"column":80}},"57":{"start":{"line":193,"column":12},"end":{"line":193,"column":83}},"58":{"start":{"line":198,"column":0},"end":{"line":198,"column":22}}},"fnMap":{"0":{"name":"(anonymous_0)","decl":{"start":{"line":9,"column":4},"end":{"line":9,"column":5}},"loc":{"start":{"line":9,"column":34},"end":{"line":46,"column":5}},"line":9},"1":{"name":"(anonymous_1)","decl":{"start":{"line":51,"column":4},"end":{"line":51,"column":5}},"loc":{"start":{"line":51,"column":30},"end":{"line":81,"column":5}},"line":51},"2":{"name":"(anonymous_2)","decl":{"start":{"line":87,"column":4},"end":{"line":87,"column":5}},"loc":{"start":{"line":87,"column":50},"end":{"line":104,"column":5}},"line":87},"3":{"name":"(anonymous_3)","decl":{"start":{"line":110,"column":4},"end":{"line":110,"column":5}},"loc":{"start":{"line":110,"column":29},"end":{"line":123,"column":5}},"line":110},"4":{"name":"(anonymous_4)","decl":{"start":{"line":129,"column":4},"end":{"line":129,"column":5}},"loc":{"start":{"line":129,"column":40},"end":{"line":159,"column":5}},"line":129},"5":{"name":"(anonymous_5)","decl":{"start":{"line":165,"column":4},"end":{"line":165,"column":5}},"loc":{"start":{"line":165,"column":32},"end":{"line":177,"column":5}},"line":165},"6":{"name":"(anonymous_6)","decl":{"start":{"line":183,"column":4},"end":{"line":183,"column":5}},"loc":{"start":{"line":183,"column":28},"end":{"line":195,"column":5}},"line":183}},"branchMap":{"0":{"loc":{"start":{"line":19,"column":12},"end":{"line":21,"column":13}},"type":"if","locations":[{"start":{"line":19,"column":12},"end":{"line":21,"column":
[...]
:1,"column":16},"end":{"line":1,"column":34}},"1":{"start":{"line":2,"column":15},"end":{"line":2,"column":31}},"2":{"start":{"line":3,"column":13},"end":{"line":3,"column":38}},"3":{"start":{"line":6,"column":0},"end":{"line":14,"column":3}},"4":{"start":{"line":7,"column":4},"end":{"line":13,"column":5}},"5":{"start":{"line":8,"column":22},"end":{"line":8,"column":41}},"6":{"start":{"line":9,"column":8},"end":{"line":9,"column":24}},"7":{"start":{"line":11,"column":8},"end":{"line":11,"column":65}},"8":{"start":{"line":12,"column":8},"end":{"line":12,"column":65}},"9":{"start":{"line":17,"column":0},"end":{"line":28,"column":3}},"10":{"start":{"line":18,"column":4},"end":{"line":27,"column":5}},"11":{"start":{"line":19,"column":21},"end":{"line":19,"column":62}},"12":{"start":{"line":20,"column":8},"end":{"line":22,"column":9}},"13":{"start":{"line":21,"column":12},"end":{"line":21,"column":74}},"14":{"start":{"line":23,"column":8},"end":{"line":23,"column":23}},"15":{"start":{"line":25,"column":8},"end":{"line":25,"column":63}},"16":{"start":{"line":26,"column":8},"end":{"line":26,"column":65}},"17":{"start":{"line":31,"column":0},"end":{"line":42,"column":3}},"18":{"start":{"line":32,"column":4},"end":{"line":41,"column":5}},"19":{"start":{"line":33,"column":21},"end":{"line":33,"column":61}},"20":{"start":{"line":34,"column":8},"end":{"line":36,"column":9}},"21":{"start":{"line":35,"column":12},"end":{"line":35,"column":74}},"22":{"start":{"line":37,"column":8},"end":{"line":37,"column":23}},"23":{"start":{"line":39,"column":8},"end":{"line":39,"column":63}},"24":{"start":{"line":40,"column":8},"end":{"line":40,"column":65}},"25":{"start":{"line":45,"column":0},"end":{"line":53,"column":3}},"26":{"start":{"line":46,"column":4},"end":{"line":52,"column":5}},"27":{"start":{"line":47,"column":25},"end":{"line":47,"column":62}},"28":{"start":{"line":48,"column":8},"end":{"line":48,"column":27}},"29":{"start":{"line":50,"column":8},"end":{"line":50,"column":61}},"30":{"start":{"line":51,"column":8},"end":{"line":51,"column":65}},"31":{"start":{"line":56,"column":0},"end":{"line":64,"column":3}},"32":{"start":{"line":57,"column":4},"end":{"line":63,"column":5}},"33":{"start":{"line":58,"column":23},"end":{"line":58,"column":50}},"34":{"start":{"line":59,"column":8},"end":{"line":59,"column":83}},"35":{"start":{"line":61,"column":8},"end":{"line":61,"column":65}},"36":{"start":{"line":62,"column":8},"end":{"line":62,"column":65}},"37":{"start":{"line":67,"column":0},"end":{"line":75,"column":3}},"38":{"start":{"line":68,"column":4},"end":{"line":74,"column":5}},"39":{"start":{"line":69,"column":8},"end":{"line":69,"column":51}},"40":{"start":{"line":70,"column":8},"end":{"line":70,"column":63}},"41":{"start":{"line":72,"column":8},"end":{"line":72,"column":69}},"42":{"start":{"line":73,"column":8},"end":{"line":73,"column":65}},"43":{"start":{"line":78,"column":0},"end":{"line":87,"column":3}},"44":{"start":{"line":79,"column":4},"end":{"line":86,"column":5}},"45":{"start":{"line":80,"column":27},"end":{"line":80,"column":35}},"46":{"start":{"line":81,"column":8},"end":{"line":81,"column":55}},"47":{"start":{"line":82,"column":8},"end":{"line":82,"column":65}},"48":{"start":{"line":84,"column":8},"end":{"line":84,"column":71}},"49":{"start":{"line":85,"column":8},"end":{"line":85,"column":65}},"50":{"start":{"line":90,"column":0},"end":{"line":99,"column":3}},"51":{"start":{"line":91,"column":4},"end":{"line":98,"column":5}},"52":{"start":{"line":92,"column":27},"end":{"line":92,"column":35}},"53":{"start":{"line":93,"column":8},"end":{"line":93,"column":59}},"54":{"start":{"line":94,"column":8},"end":{"line":94,"column":69}},"55":{"start":{"line":96,"column":8},"end":{"line":96,"column":74}},"56":{"start":{"line":97,"column":8},"end":{"line":97,"column":65}},"57":{"start":{"line":101,"column":0},"end":{"line":101,"column":24}}},"fnMap":{"0":{"name":"(anonymous_0)","decl":{"start":{"line":6,"column":19},"end":{"line":6,"column":20}},"loc":{"start":{"line":6,"column":39},"end":{"line":14,"column":1}},"line":6},"1":{"name":"(anonymous_1)","decl":{"start":{"line":17,"column":28},"end":{"line":17,"column":29}},"loc":{"start":{"line":17,"column":48},"end":{"line":28,"column":1}},"line":17},"2":{"name":"(anonymous_2)","decl":{"start":{"line":31,"column":19},"end":{"line":31,"column":20}},"loc":{"start":{"line":31,"column":39},"end":{"line":42,"column":1}},"line":31},"3":{"name":"(anonymous_3)","decl":{"start":{"line":45,"column":28},"end":{"line":45,"column":29}},"loc":{"start":{"line":45,"column":48},"end":{"line":53,"column":1}},"line":45},"4":{"name":"(anonymous_4)","decl":{"start":{"line":56,"column":17},"end":{"line":56,"column":18}},"loc":{"start":{"line":56,"column":37},"end":{"line":64,"column":1}},"line":56},"5":{"name":"(anonymous_5)","decl":{"start":{"line":67,"column":19},"end":{"line":67,"column":20}},"loc":{"start":{"line":67,"column":39},"end":{"line":75,"column":1}},"line":67},"6":{"name":"(anonymous_6)","decl":{"start":{"line":78,"column":26},"end":{"line":78,"column":27}},"loc":{"start":{"line":78,"column":46},"end":{"line":87,"column":1}},"line":78},"7":{"name":"(anonymous_7)","decl":{"start":{"line":90,"column":30},"end":{"line":90,"column":31}},"loc":{"start":{"line":90,"column":50},"end":{"line":99,"column":1}},"line":90}},"branchMap":{"0":{"loc":{"start":{"line":20,"column":8},"end":{"line":22,"column":9}},"type":"if","locations":[{"start":{"line":20,"column":8},"end":{"line":22,"column":9}},{"start":{},"end":{}}],"line":20},"1":{"loc":{"start":{"line":34,"column":8},"end":{"line":36,"column":9}},"type":"if","locations":[{"start":{"line":34,"column":8},"end":{"line":36,"column":9}},{"start":{},"end":{}}],"line":34}},"s":{"0":5,"1":5,"2":5,"3":5,"4":0,"5":0,"6":0,"7":0,"8":0,"9":5,"10":0,"11":0,"12":0,"13":0,"14":0,"15":0,"16":0,"17":5,"18":0,"19":0,"20":0,"21":0,"22":0,"23":0,"24":0,"25":5,"26":0,"27":0,"28":0,"29":0,"30":0,"31":5,"32":0,"33":0,"34":0,"35":0,"36":0,"37":5,"38":0,"39":0,"40":0,"41":0,"42":0,"43":5,"44":0,"45":0,"46":0,"47":0,"48":0,"49":0,"50":5,"51":0,"52":0,"53":0,"54":0,"55":0,"56":0,"57":5},"f":{"0":0,"1":0,"2":0,"3":0,"4":0,"5":0,"6":0,"7":0},"b":{"0":[0,0],"1":[0,0]},"_coverageSchema":"1a1c01bbd47fc00a2c39e90264f33305004495a9","hash":"9790de419300788033bc5c156e615763977d25c8"}
,"C:\\Users\\nikla\\ski-alpin-manager\\src\\routes\\teamRoutes.js": {"path":"C:\\Users\\nikla\\ski-alpin-manager\\src\\routes\\teamRoutes.js","statementMap":{"0":{"start":{"line":1,"column":16},"end":{"line":1,"column":34}},"1":{"start":{"line":2,"column":15},"end":{"line":2,"column":31}},"2":{"start":{"line":3,"column":23},"end":{"line":3,"column":63}},"3":{"start":{"line":4,"column":28},"end":{"line":4,"column":57}},"4":{"start":{"line":6,"column":0},"end":{"line":6,"column":58}},"5":{"start":{"line":7,"column":0},"end":{"line":7,"column":61}},"6":{"start":{"line":9,"column":0},"end":{"line":9,"column":24}}},"fnMap":{},"branchMap":{},"s":{"0":5,"1":5,"2":5,"3":5,"4":5,"5":5,"6":5},"f":{},"b":{},"_coverageSchema":"1a1c01bbd47fc00a2c39e90264f33305004495a9","hash":"639cb0a8cb2910ea1c8ad559207107f050a59749"}
,"C:\\Users\\nikla\\ski-alpin-manager\\src\\routes\\userRoutes.js": {"path":"C:\\Users\\nikla\\ski-alpin-manager\\src\\routes\\userRoutes.js","statementMap":{"0":{"start":{"line":1,"column":16},"end":{"line":1,"column":34}},"1":{"start":{"line":2,"column":15},"end":{"line":2,"column":31}},"2":{"start":{"line":3,"column":23},"end":{"line":3,"column":63}},"3":{"start":{"line":4,"column":28},"end":{"line":4,"column":57}},"4":{"start":{"line":6,"column":0},"end":{"line":6,"column":64}},"5":{"start":{"line":7,"column":0},"end":{"line":7,"column":63}},"6":{"start":{"line":8,"column":0},"end":{"line":8,"column":66}},"7":{"start":{"line":10,"column":0},"end":{"line":10,"column":24}}},"fnMap":{},"branchMap":{},"s":{"0":5,"1":5,"2":5,"3":5,"4":5,"5":5,"6":5,"7":5},"f":{},"b":{},"_coverageSchema":"1a1c01bbd47fc00a2c39e90264f33305004495a9","hash":"fe5c357293edde0fd96729ac5510583946cc3be5"}
,"C:\\Users\\nikla\\ski-alpin-manager\\src\\routes\\api\\athletes.js": {"path":"C:\\Users\\nikla\\ski-alpin-manager\\src\\routes\\api\\athletes.js","statementMap":{"0":{"start":{"line":1,"column":16},"end":{"line":1,"column":34}},"1":{"start":{"line":2,"column":15},"end":{"line":2,"column":31}},"2":{"start":{"line":3,"column":17},"end":{"line":3,"column":49}},"3":{"start":{"line":6,"column":0},"end":{"line":33,"column":3}},"4":{"start":{"line":7,"column":4},"end":{"line":32,"column":5}},"5":{"start":{"line":8,"column":23},"end":{"line":26,"column":10}},"6":{"start":{"line":28,"column":8},"end":{"line":28,"column":30}},"7":{"start":{"line":30,"column":8},"end":{"line":30,"column":66}},"8":{"start":{"line":31,"column":8},"end":{"line":31,"column":65}},"9":{"start":{"line":36,"column":0},"end":{"line":68,"column":3}},"10":{"start":{"line":37,"column":4},"end":{"line":67,"column":5}},"11":{"start":{"line":38,"column":23},"end":{"line":38,"column":33}},"12":{"start":{"line":39,"column":23},"end":{"line":57,"column":16}},"13":{"start":{"line":59,"column":8},"end":{"line":61,"column":9}},"14":{"start":{"line":60,"column":12},"end":{"line":60,"column":76}},"15":{"start":{"line":63,"column":8},"end":{"line":63,"column":33}},"16":{"start":{"line":65,"column":8},"end":{"line":65,"column":66}},"17":{"start":{"line":66,"column":8},"end":{"line":66,"column":65}},"18":{"start":{"line":70,"column":0},"end":{"line":70,"column":24}}},"fnMap":{"0":{"name":"(anonymous_0)","decl":{"start":{"line":6,"column":16},"end":{"line":6,"column":17}},"loc":{"start":{"line":6,"column":36},"end":{"line":33,"column":1}},"line":6},"1":{"name":"(anonymous_1)","decl":{"start":{"line":36,"column":19},"end":{"line":36,"column":20}},"loc":{"start":{"line":36,"column":39},"end":{"line":68,"column":1}},"line":36}},"branchMap":{"0":{"loc":{"start":{"line":59,"column":8},"end":{"line":61,"column":9}},"type":"if","locations":[{"start":{"line":59,"column":8},"end":{"line":61,"column":9}},{"start":{},"end":{}}],"line":59}},"s":{"0":5,"1":5,"2":5,"3":5,"4":0,"5":0,"6":0,"7":0,"8":0,"9":5,"10":0,"11":0,"12":0,"13":0,"14":0,"15":0,"16":0,"17":0,"18":5},"f":{"0":0,"1":0},"b":{"0":[0,0]},"_coverageSchema":"1a1c01bbd47fc00a2c39e90264f33305004495a9","hash":"f102948c71bdc143e5441c32ce41f3f24fea8d56"}
,"C:\\Users\\nikla\\ski-alpin-manager\\src\\utils\\crypto.js": {"path":"C:\\Users\\nikla\\ski-alpin-manager\\src\\utils\\crypto.js","statementMap":{"0":{"start":{"line":1,"column":15},"end":{"line":1,"column":32}},"1":{"start":{"line":2,"column":15},"end":{"line":2,"column":32}},"2":{"start":{"line":5,"column":20},"end":{"line":5,"column":22}},"3":{"start":{"line":6,"column":23},"end":{"line":6,"column":31}},"4":{"start":{"line":7,"column":17},"end":{"line":7,"column":22}},"5":{"start":{"line":10,"column":21},"end":{"line":19,"column":1}},"6":{"start":{"line":11,"column":4},"end":{"line":18,"column":5}},"7":{"start":{"line":12,"column":21},"end":{"line":12,"column":54}},"8":{"start":{"line":13,"column":21},"end":{"line":13,"column":54}},"9":{"start":{"line":14,"column":8},"end":{"line":14,"column":20}},"10":{"start":{"line":16,"column":8},"end":{"line":16,"column":66}},"11":{"start":{"line":17,"column":8},"end":{"line":17,"column":20}},"12":{"start":{"line":22,"column":23},"end":{"line":29,"column":1}},"13":{"start":{"line":23,"column":4},"end":{"line":28,"column":5}},"14":{"start":{"line":24,"column":8},"end":{"line":24,"column":52}},"15":{"start":{"line":26,"column":8},"end":{"line":26,"column":72}},"16":{"start":{"line":27,"column":8},"end":{"line":27,"column":20}},"17":{"start":{"line":32,"column":29},"end":{"line":34,"column":1}},"18":{"start":{"line":33,"column":4},"end":{"line":33,"column":57}},"19":{"start":{"line":37,"column":19},"end":{"line":42,"column":1}},"20":{"start":{"line":38,"column":4},"end":{"line":41,"column":26}},"21":{"start":{"line":45,"column":28},"end":{"line":47,"column":1}},"22":{"start":{"line":46,"column":4},"end":{"line":46,"column":36}},"23":{"start":{"line":49,"column":0},"end":{"line":55,"column":2}}},"fnMap":{"0":{"name":"(anonymous_0)","decl":{"start":{"line":10,"column":21},"end":{"line":10,"column":22}},"loc":{"start":{"line":10,"column":41},"end":{"line":19,"column":1}},"line":10},"1":{"name":"(anonymous_1)","decl":{"start":{"line":22,"column":23},"end":{"line":22,"column":24}},"loc":{"start":{"line":22,"column":49},"end":{"line":29,"column":1}},"line":22},"2":{"name":"(anonymous_2)","decl":{"start":{"line":32,"column":29},"end":{"line":32,"column":30}},"loc":{"start":{"line":32,"column":46},"end":{"line":34,"column":1}},"line":32},"3":{"name":"(anonymous_3)","decl":{"start":{"line":37,"column":19},"end":{"line":37,"column":20}},"loc":{"start":{"line":37,"column":29},"end":{"line":42,"column":1}},"line":37},"4":{"name":"(anonymous_4)","decl":{"start":{"line":45,"column":28},"end":{"line":45,"column":29}},"loc":{"start":{"line":45,"column":34},"end":{"line":47,"column":1}},"line":45}},"branchMap":{"0":{"loc":{"start":{"line":32,"column":30},"end":{"line":32,"column":41}},"type":"default-arg","locations":[{"start":{"line":32,"column":39},"end":{"line":32,"column":41}}],"line":32}},"s":{"0":8,"1":8,"2":8,"3":8,"4":8,"5":8,"6":3,"7":3,"8":2,"9":2,"10":1,"11":1,"12":8,"13":2,"14":2,"15":0,"16":0,"17":8,"18":4,"19":8,"20":2,"21":8,"22":1,"23":8},"f":{"0":3,"1":2,"2":4,"3":2,"4":1},"b":{"0":[2]},"_coverageSchema":"1a1c01bbd47fc00a2c39e90264f33305004495a9","hash":"72e97a70fd5401dc0fe95113e0e5f59fe28eaaed"}
,"C:\\Users\\nikla\\ski-alpin-manager\\src\\utils\\mailer.js": {"path":"C:\\Users\\nikla\\ski-alpin-manager\\src\\utils\\mailer.js","statementMap":{"0":{"start":{"line":1,"column":19},"end":{"line":1,"column":40}},"1":{"start":{"line":2,"column":15},"end":{"line":2,"column":39}},"2":{"start":{"line":4,"column":20},"end":{"line":10,"column":2}},"3":{"start":{"line":12,"column":18},"end":{"line":27,"column":1}},"4":{"start":{"line":13,"column":24},"end":{"line":19,"column":5}},"5":{"start":{"line":21,"column":4},"end":{"line":26,"column":5}},"6":{"start":{"line":22,"column":8},"end":{"line":22,"column":48}},"7":{"start":{"line":23,"column":8},"end":{"line":23,"column":49}},"8":{"start":{"line":25,"column":8},"end":{"line":25,"column":63}},"9":{"start":{"line":29,"column":0},"end":{"line":31,"column":2}}},"fnMap":{"0":{"name":"(anonymous_0)","decl":{"start":{"line":12,"column":18},"end":{"line":12,"column":19}},"loc":{"start":{"line":12,"column":53},"end":{"line":27,"column":1}},"line":12}},"branchMap":{},"s":{"0":8,"1":8,"2":8,"3":8,"4":0,"5":0,"6":0,"7":0,"8":0,"9":8},"f":{"0":0},"b":{},"_coverageSchema":"1a1c01bbd47fc00a2c39e90264f33305004495a9","hash":"acc5dc870c6c9fa6ad81f62a50c85441792b570c"}
,"C:\\Users\\nikla\\ski-alpin-manager\\src\\utils\\testSetup.js": {"path":"C:\\Users\\nikla\\ski-alpin-manager\\src\\utils\\testSetup.js","statementMap":{"0":{"start":{"line":1,"column":15},"end":{"line":1,"column":44}},"1":{"start":{"line":4,"column":4},"end":{"line":10,"column":5}},"2":{"start":{"line":5,"column":8},"end":{"line":5,"column":31}},"3":{"start":{"line":8,"column":8},"end":{"line":8,"column":46}},"4":{"start":{"line":9,"column":8},"end":{"line":9,"column":20}},"5":{"start":{"line":14,"column":4},"end":{"line":21,"column":5}},"6":{"start":{"line":15,"column":8},"end":{"line":17,"column":9}},"7":{"start":{"line":16,"column":12},"end":{"line":16,"column":33}},"8":{"start":{"line":19,"column":8},"end":{"line":19,"column":49}},"9":{"start":{"line":20,"column":8},"end":{"line":20,"column":20}},"10":{"start":{"line":25,"column":4},"end":{"line":30,"column":5}},"11":{"start":{"line":26,"column":8},"end":{"line":26,"column":35}},"12":{"start":{"line":28,"column":8},"end":{"line":28,"column":46}},"13":{"start":{"line":29,"column":8},"end":{"line":29,"column":20}},"14":{"start":{"line":33,"column":0},"end":{"line":38,"column":2}}},"fnMap":{"0":{"name":"setupTestDatabase","decl":{"start":{"line":3,"column":15},"end":{"line":3,"column":32}},"loc":{"start":{"line":3,"column":35},"end":{"line":11,"column":1}},"line":3},"1":{"name":"teardownTestDatabase","decl":{"start":{"line":13,"column":15},"end":{"line":13,"column":35}},"loc":{"start":{"line":13,"column":38},"end":{"line":22,"column":1}},"line":13},"2":{"name":"clearTestData","decl":{"start":{"line":24,"column":15},"end":{"line":24,"column":28}},"loc":{"start":{"line":24,"column":31},"end":{"line":31,"column":1}},"line":24}},"branchMap":{"0":{"loc":{"start":{"line":15,"column":8},"end":{"line":17,"column":9}},"type":"if","locations":[{"start":{"line":15,"column":8},"end":{"line":17,"column":9}},{"start":{},"end":{}}],"line":15}},"s":{"0":2,"1":2,"2":2,"3":2,"4":2,"5":1,"6":1,"7":1,"8":1,"9":1,"10":1,"11":1,"12":1,"13":1,"14":2},"f":{"0":2,"1":1,"2":1},"b":{"0":[1,0]},"_coverageSchema":"1a1c01bbd47fc00a2c39e90264f33305004495a9","hash":"da0bda6d0bcce46dae8504f88422c00304b7f752"}
,"C:\\Users\\nikla\\ski-alpin-manager\\src\\utils\\tokens.js": {"path":"C:\\Users\\nikla\\ski-alpin-manager\\src\\utils\\tokens.js","statementMap":{"0":{"start":{"line":1,"column":15},"end":{"line":1,"column":32}},"1":{"start":{"line":2,"column":18},"end":{"line":2,"column":44}},"2":{"start":{"line":5,"column":20},"end":{"line":8,"column":1}},"3":{"start":{"line":13,"column":22},"end":{"line":15,"column":1}},"4":{"start":{"line":14,"column":4},"end":{"line":14,"column":50}},"5":{"start":{"line":20,"column":20},"end":{"line":33,"column":1}},"6":{"start":{"line":21,"column":18},"end":{"line":21,"column":33}},"7":{"start":{"line":22,"column":22},"end":{"line":22,"column":32}},"8":{"start":{"line":23,"column":4},"end":{"line":23,"column":62}},"9":{"start":{"line":25,"column":4},"end":{"line":30,"column":7}},"10":{"start":{"line":32,"column":4},"end":{"line":32,"column":17}},"11":{"start":{"line":38,"column":20},"end":{"line":41,"column":1}},"12":{"start":{"line":39,"column":24},"end":{"line":39,"column":56}},"13":{"start":{"line":40,"column":4},"end":{"line":40,"column":31}},"14":{"start":{"line":46,"column":20},"end":{"line":48,"column":1}},"15":{"start":{"line":47,"column":4},"end":{"line":47,"column":36}},"16":{"start":{"line":53,"column":29},"end":{"line":55,"column":1}},"17":{"start":{"line":54,"column":4},"end":{"line":54,"column":32}},"18":{"start":{"line":57,"column":0},"end":{"line":64,"column":2}}},"fnMap":{"0":{"name":"(anonymous_0)","decl":{"start":{"line":13,"column":22},"end":{"line":13,"column":23}},"loc":{"start":{"line":13,"column":28},"end":{"line":15,"column":1}},"line":13},"1":{"name":"(anonymous_1)","decl":{"start":{"line":20,"column":20},"end":{"line":20,"column":21}},"loc":{"start":{"line":20,"column":65},"end":{"line":33,"column":1}},"line":20},"2":{"name":"(anonymous_2)","decl":{"start":{"line":38,"column":20},"end":{"line":38,"column":21}},"loc":{"start":{"line":38,"column":43},"end":{"line":41,"column":1}},"line":38},"3":{"name":"(anonymous_3)","decl":{"start":{"line":46,"column":20},"end":{"line":46,"column":21}},"loc":{"start":{"line":46,"column":43},"end":{"line":48,"column":1}},"line":46},"4":{"name":"(anonymous_4)","decl":{"start":{"line":53,"column":29},"end":{"line":53,"column":30}},"loc":{"start":{"line":53,"column":41},"end":{"line":55,"column":1}},"line":53}},"branchMap":{"0":{"loc":{"start":{"line":20,"column":41},"end":{"line":20,"column":60}},"type":"default-arg","locations":[{"start":{"line":20,"column":58},"end":{"line":20,"column":60}}],"line":20},"1":{"loc":{"start":{"line":40,"column":11},"end":{"line":40,"column":30}},"type":"binary-expr","locations":[{"start":{"line":40,"column":11},"end":{"line":40,"column":22}},{"start":{"line":40,"column":26},"end":{"line":40,"column":30}}],"line":40}},"s":{"0":8,"1":8,"2":8,"3":8,"4":1,"5":8,"6":0,"7":0,"8":0,"9":0,"10":0,"11":8,"12":0,"13":0,"14":8,"15":0,"16":8,"17":0,"18":8},"f":{"0":1,"1":0,"2":0,"3":0,"4":0},"b":{"0":[0],"1":[0,0]},"_coverageSchema":"1a1c01bbd47fc00a2c39e90264f33305004495a9","hash":"da64c7b1ece94cd7f3f7573795c2411334a0445a"}
}
