TN:
SF:src\app.js
FN:68,(anonymous_0)
FN:77,(anonymous_1)
FN:84,(anonymous_2)
FN:106,(anonymous_3)
FN:117,(anonymous_4)
FNF:5
FNH:1
FNDA:1,(anonymous_0)
FNDA:0,(anonymous_1)
FNDA:0,(anonymous_2)
FNDA:0,(anonymous_3)
FNDA:0,(anonymous_4)
DA:1,5
DA:2,5
DA:3,5
DA:4,5
DA:5,5
DA:6,5
DA:7,5
DA:8,5
DA:9,5
DA:10,5
DA:12,5
DA:14,5
DA:16,5
DA:20,5
DA:22,5
DA:36,5
DA:43,5
DA:44,5
DA:49,5
DA:66,5
DA:68,5
DA:69,1
DA:70,1
DA:73,5
DA:74,5
DA:75,5
DA:77,5
DA:78,0
DA:84,5
DA:85,0
DA:87,0
DA:88,0
DA:92,0
DA:100,5
DA:101,5
DA:104,5
DA:107,0
DA:108,0
DA:110,0
DA:111,0
DA:117,5
DA:118,0
DA:119,0
DA:122,5
LF:44
LH:33
BRDA:37,0,0,5
BRDA:37,0,1,0
BRDA:54,1,0,5
BRDA:54,1,1,0
BRDA:87,2,0,0
BRDA:87,2,1,0
BRDA:88,3,0,0
BRDA:88,3,1,0
BRDA:95,4,0,0
BRDA:95,4,1,0
BRDA:107,5,0,0
BRDA:107,5,1,0
BRDA:110,6,0,0
BRDA:110,6,1,0
BRF:14
BRH:2
end_of_record
TN:
SF:src\config\database.js
FN:11,(anonymous_0)
FN:22,(anonymous_1)
FN:31,(anonymous_2)
FNF:3
FNH:3
FNDA:4,(anonymous_0)
FNDA:2,(anonymous_1)
FNDA:3,(anonymous_2)
DA:1,18
DA:3,18
DA:11,18
DA:12,4
DA:13,4
DA:14,4
DA:15,4
DA:17,0
DA:18,0
DA:22,18
DA:23,2
DA:24,2
DA:25,0
DA:27,0
DA:31,18
DA:32,3
DA:35,18
LF:17
LH:13
BRF:0
BRH:0
end_of_record
TN:
SF:src\config\env.js
FNF:0
FNH:0
DA:1,8
DA:3,8
DA:26,8
LF:3
LH:3
BRDA:5,0,0,8
BRDA:5,0,1,8
BRDA:6,1,0,8
BRDA:6,1,1,0
BRDA:17,2,0,8
BRDA:17,2,1,8
BRF:6
BRH:5
end_of_record
TN:
SF:src\controllers\authController.js
FN:10,(anonymous_0)
FN:17,(anonymous_1)
FN:53,(anonymous_2)
FN:54,(anonymous_3)
FN:66,(anonymous_4)
FN:122,(anonymous_5)
FN:126,(anonymous_6)
FN:154,(anonymous_7)
FNF:8
FNH:5
FNDA:1,(anonymous_0)
FNDA:4,(anonymous_1)
FNDA:2,(anonymous_2)
FNDA:2,(anonymous_3)
FNDA:0,(anonymous_4)
FNDA:0,(anonymous_5)
FNDA:2,(anonymous_6)
FNDA:0,(anonymous_7)
DA:1,7
DA:2,7
DA:3,7
DA:4,7
DA:5,7
DA:6,7
DA:7,7
DA:11,1
DA:18,4
DA:19,4
DA:21,4
DA:26,2
DA:27,1
DA:33,1
DA:34,1
DA:35,0
DA:41,1
DA:42,1
DA:45,2
DA:46,2
DA:54,2
DA:55,2
DA:56,1
DA:57,1
DA:62,1
DA:67,0
DA:68,0
DA:71,0
DA:72,0
DA:78,0
DA:83,0
DA:84,0
DA:90,0
DA:93,0
DA:99,0
DA:100,0
DA:102,0
DA:108,0
DA:109,0
DA:113,0
DA:114,0
DA:127,2
DA:128,2
DA:131,2
DA:132,2
DA:133,2
DA:139,0
DA:144,0
DA:147,0
DA:148,0
DA:159,7
LF:51
LH:30
BRDA:26,0,0,1
BRDA:26,0,1,1
BRDA:34,1,0,0
BRDA:34,1,1,1
BRDA:55,2,0,1
BRDA:55,2,1,1
BRDA:71,3,0,0
BRDA:71,3,1,0
BRDA:71,4,0,0
BRDA:71,4,1,0
BRDA:71,4,2,0
BRDA:83,5,0,0
BRDA:83,5,1,0
BRDA:108,6,0,0
BRDA:108,6,1,0
BRDA:116,7,0,0
BRDA:116,7,1,0
BRDA:132,8,0,2
BRDA:132,8,1,0
BRDA:132,9,0,2
BRDA:132,9,1,0
BRF:21
BRH:7
end_of_record
TN:
SF:src\controllers\teamController.js
FN:4,(anonymous_0)
FN:6,(anonymous_1)
FN:9,(anonymous_2)
FN:21,(anonymous_3)
FN:29,(anonymous_4)
FN:33,(anonymous_5)
FNF:6
FNH:2
FNDA:0,(anonymous_0)
FNDA:0,(anonymous_1)
FNDA:0,(anonymous_2)
FNDA:1,(anonymous_3)
FNDA:1,(anonymous_4)
FNDA:0,(anonymous_5)
DA:1,6
DA:4,6
DA:5,0
DA:6,0
DA:7,0
DA:10,0
DA:11,0
DA:15,0
DA:17,0
DA:21,6
DA:22,1
DA:24,1
DA:25,0
DA:28,1
DA:29,1
DA:30,1
DA:34,0
DA:35,0
DA:39,0
DA:41,1
DA:45,6
LF:21
LH:10
BRDA:10,0,0,0
BRDA:10,0,1,0
BRDA:11,1,0,0
BRDA:11,1,1,0
BRDA:24,2,0,0
BRDA:24,2,1,1
BRDA:34,3,0,0
BRDA:34,3,1,0
BRF:8
BRH:1
end_of_record
TN:
SF:src\controllers\userController.js
FN:3,(anonymous_0)
FN:23,(anonymous_1)
FN:38,(anonymous_2)
FNF:3
FNH:1
FNDA:1,(anonymous_0)
FNDA:0,(anonymous_1)
FNDA:0,(anonymous_2)
DA:1,7
DA:3,7
DA:4,1
DA:6,1
DA:7,0
DA:10,1
DA:11,1
DA:13,0
DA:14,0
DA:17,0
DA:19,1
DA:23,7
DA:24,0
DA:25,0
DA:27,0
DA:28,0
DA:29,0
DA:31,0
DA:32,0
DA:34,0
DA:38,7
DA:39,0
DA:41,0
DA:42,0
DA:43,0
DA:44,0
DA:47,0
DA:48,0
DA:50,0
DA:54,7
LF:30
LH:10
BRDA:6,0,0,0
BRDA:6,0,1,1
BRDA:13,1,0,0
BRDA:13,1,1,0
BRDA:31,2,0,0
BRDA:31,2,1,0
BRDA:43,3,0,0
BRDA:43,3,1,0
BRF:8
BRH:1
end_of_record
TN:
SF:src\database\testDb.js
FN:4,(anonymous_0)
FN:8,(anonymous_1)
FN:13,(anonymous_2)
FN:14,(anonymous_3)
FN:25,(anonymous_4)
FN:26,(anonymous_5)
FN:27,(anonymous_6)
FN:39,(anonymous_7)
FN:87,(anonymous_8)
FN:88,(anonymous_9)
FN:99,(anonymous_10)
FN:104,(anonymous_11)
FN:105,(anonymous_12)
FN:112,(anonymous_13)
FN:117,(anonymous_14)
FN:118,(anonymous_15)
FN:125,(anonymous_16)
FN:130,(anonymous_17)
FN:131,(anonymous_18)
FN:138,(anonymous_19)
FN:148,(anonymous_20)
FN:149,(anonymous_21)
FN:156,(anonymous_22)
FN:159,(anonymous_23)
FN:160,(anonymous_24)
FNF:25
FNH:13
FNDA:1,(anonymous_0)
FNDA:1,(anonymous_1)
FNDA:1,(anonymous_2)
FNDA:1,(anonymous_3)
FNDA:0,(anonymous_4)
FNDA:0,(anonymous_5)
FNDA:0,(anonymous_6)
FNDA:1,(anonymous_7)
FNDA:1,(anonymous_8)
FNDA:1,(anonymous_9)
FNDA:0,(anonymous_10)
FNDA:0,(anonymous_11)
FNDA:0,(anonymous_12)
FNDA:0,(anonymous_13)
FNDA:0,(anonymous_14)
FNDA:0,(anonymous_15)
FNDA:0,(anonymous_16)
FNDA:0,(anonymous_17)
FNDA:0,(anonymous_18)
FNDA:4,(anonymous_19)
FNDA:4,(anonymous_20)
FNDA:4,(anonymous_21)
FNDA:1,(anonymous_22)
FNDA:1,(anonymous_23)
FNDA:1,(anonymous_24)
DA:1,13
DA:5,1
DA:9,1
DA:10,0
DA:13,1
DA:14,1
DA:15,1
DA:16,0
DA:17,0
DA:19,1
DA:26,0
DA:27,0
DA:28,0
DA:29,0
DA:30,0
DA:32,0
DA:33,0
DA:40,1
DA:41,0
DA:44,1
DA:87,1
DA:88,1
DA:89,1
DA:90,0
DA:91,0
DA:93,1
DA:100,0
DA:101,0
DA:104,0
DA:105,0
DA:106,0
DA:107,0
DA:113,0
DA:114,0
DA:117,0
DA:118,0
DA:119,0
DA:120,0
DA:126,0
DA:127,0
DA:130,0
DA:131,0
DA:132,0
DA:133,0
DA:139,4
DA:140,4
DA:148,4
DA:149,4
DA:150,4
DA:151,4
DA:157,1
DA:159,1
DA:160,1
DA:161,1
DA:163,1
DA:164,1
DA:171,13
LF:57
LH:26
BRDA:9,0,0,0
BRDA:9,0,1,1
BRDA:15,1,0,0
BRDA:15,1,1,1
BRDA:28,2,0,0
BRDA:28,2,1,0
BRDA:40,3,0,0
BRDA:40,3,1,1
BRDA:89,4,0,0
BRDA:89,4,1,1
BRDA:99,5,0,0
BRDA:100,6,0,0
BRDA:100,6,1,0
BRDA:106,7,0,0
BRDA:106,7,1,0
BRDA:112,8,0,0
BRDA:113,9,0,0
BRDA:113,9,1,0
BRDA:119,10,0,0
BRDA:119,10,1,0
BRDA:125,11,0,0
BRDA:126,12,0,0
BRDA:126,12,1,0
BRDA:132,13,0,0
BRDA:132,13,1,0
BRDA:139,14,0,0
BRDA:139,14,1,4
BRDA:150,15,0,0
BRDA:150,15,1,4
BRDA:157,16,0,0
BRDA:157,16,1,1
BRDA:161,17,0,0
BRDA:161,17,1,1
BRF:33
BRH:8
end_of_record
TN:
SF:src\middleware\auth.js
FN:3,(anonymous_0)
FNF:1
FNH:0
FNDA:0,(anonymous_0)
DA:1,5
DA:3,5
DA:4,0
DA:5,0
DA:7,0
DA:8,0
DA:11,0
DA:12,0
DA:13,0
DA:15,0
DA:19,5
LF:11
LH:3
BRDA:7,0,0,0
BRDA:7,0,1,0
BRF:2
BRH:0
end_of_record
TN:
SF:src\models\athlete.js
FN:43,(anonymous_0)
FN:91,(anonymous_1)
FN:106,(anonymous_2)
FN:131,(anonymous_3)
FN:185,(anonymous_4)
FN:212,(anonymous_5)
FN:228,(anonymous_6)
FN:244,(anonymous_7)
FNF:8
FNH:0
FNDA:0,(anonymous_0)
FNDA:0,(anonymous_1)
FNDA:0,(anonymous_2)
FNDA:0,(anonymous_3)
FNDA:0,(anonymous_4)
FNDA:0,(anonymous_5)
FNDA:0,(anonymous_6)
FNDA:0,(anonymous_7)
DA:1,1
DA:5,1
DA:13,1
DA:44,0
DA:45,0
DA:48,0
DA:56,0
DA:64,0
DA:72,0
DA:80,0
DA:92,0
DA:94,0
DA:107,0
DA:113,0
DA:121,0
DA:132,0
DA:173,0
DA:174,0
DA:175,0
DA:176,0
DA:179,0
DA:186,0
DA:206,0
DA:213,0
DA:222,0
DA:229,0
DA:238,0
DA:246,0
DA:254,0
DA:262,0
DA:270,0
DA:278,0
DA:287,0
DA:296,1
LF:34
LH:4
BRDA:45,0,0,0
BRDA:45,0,1,0
BRDA:107,1,0,0
BRDA:107,1,1,0
BRDA:174,2,0,0
BRDA:174,2,1,0
BRF:6
BRH:0
end_of_record
TN:
SF:src\models\race.js
FN:4,(anonymous_0)
FN:5,(anonymous_1)
FN:12,(anonymous_2)
FN:19,(anonymous_3)
FN:20,(anonymous_4)
FN:26,(anonymous_5)
FN:34,(anonymous_6)
FN:35,(anonymous_7)
FN:41,(anonymous_8)
FN:54,(anonymous_9)
FN:62,(anonymous_10)
FN:63,(anonymous_11)
FN:73,(anonymous_12)
FN:76,(anonymous_13)
FN:95,(anonymous_14)
FN:96,(anonymous_15)
FN:101,(anonymous_16)
FN:102,(anonymous_17)
FN:110,(anonymous_18)
FN:122,(anonymous_19)
FN:133,(anonymous_20)
FN:134,(anonymous_21)
FN:144,(anonymous_22)
FNF:23
FNH:0
FNDA:0,(anonymous_0)
FNDA:0,(anonymous_1)
FNDA:0,(anonymous_2)
FNDA:0,(anonymous_3)
FNDA:0,(anonymous_4)
FNDA:0,(anonymous_5)
FNDA:0,(anonymous_6)
FNDA:0,(anonymous_7)
FNDA:0,(anonymous_8)
FNDA:0,(anonymous_9)
FNDA:0,(anonymous_10)
FNDA:0,(anonymous_11)
FNDA:0,(anonymous_12)
FNDA:0,(anonymous_13)
FNDA:0,(anonymous_14)
FNDA:0,(anonymous_15)
FNDA:0,(anonymous_16)
FNDA:0,(anonymous_17)
FNDA:0,(anonymous_18)
FNDA:0,(anonymous_19)
FNDA:0,(anonymous_20)
FNDA:0,(anonymous_21)
FNDA:0,(anonymous_22)
DA:1,1
DA:5,0
DA:6,0
DA:12,0
DA:13,0
DA:14,0
DA:20,0
DA:21,0
DA:26,0
DA:27,0
DA:28,0
DA:29,0
DA:35,0
DA:36,0
DA:41,0
DA:42,0
DA:43,0
DA:44,0
DA:45,0
DA:48,0
DA:54,0
DA:55,0
DA:56,0
DA:63,0
DA:64,0
DA:65,0
DA:73,0
DA:74,0
DA:76,0
DA:77,0
DA:78,0
DA:86,0
DA:87,0
DA:89,0
DA:95,0
DA:96,0
DA:97,0
DA:98,0
DA:101,0
DA:102,0
DA:103,0
DA:108,0
DA:110,0
DA:115,0
DA:117,0
DA:122,0
DA:123,0
DA:124,0
DA:128,0
DA:134,0
DA:135,0
DA:144,0
DA:145,0
DA:146,0
DA:152,1
LF:55
LH:2
BRDA:13,0,0,0
BRDA:13,0,1,0
BRDA:14,1,0,0
BRDA:14,1,1,0
BRDA:27,2,0,0
BRDA:27,2,1,0
BRDA:28,3,0,0
BRDA:28,3,1,0
BRDA:42,4,0,0
BRDA:42,4,1,0
BRDA:43,5,0,0
BRDA:43,5,1,0
BRDA:55,6,0,0
BRDA:55,6,1,0
BRDA:74,7,0,0
BRDA:74,7,1,0
BRDA:79,8,0,0
BRDA:79,8,1,0
BRDA:80,9,0,0
BRDA:80,9,1,0
BRDA:81,10,0,0
BRDA:81,10,1,0
BRDA:82,11,0,0
BRDA:82,11,1,0
BRDA:83,12,0,0
BRDA:83,12,1,0
BRDA:110,13,0,0
BRDA:110,13,1,0
BRDA:123,14,0,0
BRDA:123,14,1,0
BRDA:145,15,0,0
BRDA:145,15,1,0
BRDA:146,16,0,0
BRDA:146,16,1,0
BRF:34
BRH:0
end_of_record
TN:
SF:src\models\team.js
FN:14,(anonymous_0)
FN:25,(anonymous_1)
FN:46,(anonymous_2)
FN:54,(anonymous_3)
FN:81,(anonymous_4)
FN:100,(anonymous_5)
FN:123,(anonymous_6)
FN:133,(anonymous_7)
FN:149,(anonymous_8)
FN:157,(anonymous_9)
FN:165,(anonymous_10)
FNF:11
FNH:8
FNDA:7,(anonymous_0)
FNDA:1,(anonymous_1)
FNDA:0,(anonymous_2)
FNDA:3,(anonymous_3)
FNDA:5,(anonymous_4)
FNDA:4,(anonymous_5)
FNDA:3,(anonymous_6)
FNDA:4,(anonymous_7)
FNDA:3,(anonymous_8)
FNDA:0,(anonymous_9)
FNDA:0,(anonymous_10)
DA:1,10
DA:4,10
DA:15,7
DA:19,0
DA:26,1
DA:27,1
DA:32,0
DA:33,0
DA:36,0
DA:38,1
DA:39,1
DA:47,0
DA:48,0
DA:55,3
DA:75,0
DA:82,5
DA:101,4
DA:102,0
DA:104,0
DA:114,0
DA:124,3
DA:134,4
DA:150,3
DA:151,0
DA:158,0
DA:159,0
DA:166,0
DA:167,0
DA:178,0
DA:180,0
DA:181,0
DA:186,10
LF:32
LH:14
BRDA:32,0,0,0
BRDA:32,0,1,0
BRDA:66,1,0,0
BRDA:66,1,1,0
BRDA:67,2,0,0
BRDA:67,2,1,0
BRDA:69,3,0,0
BRDA:69,3,1,0
BRDA:70,4,0,0
BRDA:70,4,1,0
BRDA:71,5,0,0
BRDA:71,5,1,0
BRDA:72,6,0,0
BRDA:72,6,1,0
BRDA:102,7,0,0
BRDA:102,7,1,0
BRF:16
BRH:0
end_of_record
TN:
SF:src\models\teamFacilities.js
FN:18,(anonymous_0)
FN:28,(anonymous_1)
FN:46,(anonymous_2)
FN:63,(anonymous_3)
FN:85,(anonymous_4)
FN:101,(anonymous_5)
FN:128,(anonymous_6)
FN:154,(anonymous_7)
FN:174,(anonymous_8)
FN:182,(anonymous_9)
FN:199,(anonymous_10)
FNF:11
FNH:0
FNDA:0,(anonymous_0)
FNDA:0,(anonymous_1)
FNDA:0,(anonymous_2)
FNDA:0,(anonymous_3)
FNDA:0,(anonymous_4)
FNDA:0,(anonymous_5)
FNDA:0,(anonymous_6)
FNDA:0,(anonymous_7)
FNDA:0,(anonymous_8)
FNDA:0,(anonymous_9)
FNDA:0,(anonymous_10)
DA:1,1
DA:5,1
DA:19,0
DA:29,0
DA:47,0
DA:64,0
DA:79,0
DA:86,0
DA:95,0
DA:102,0
DA:103,0
DA:105,0
DA:117,0
DA:129,0
DA:131,0
DA:143,0
DA:155,0
DA:175,0
DA:176,0
DA:183,0
DA:184,0
DA:193,0
DA:200,0
DA:201,0
DA:210,0
DA:214,1
LF:26
LH:3
BRDA:72,0,0,0
BRDA:72,0,1,0
BRDA:73,1,0,0
BRDA:73,1,1,0
BRDA:75,2,0,0
BRDA:75,2,1,0
BRDA:76,3,0,0
BRDA:76,3,1,0
BRDA:95,4,0,0
BRDA:95,4,1,0
BRDA:176,5,0,0
BRDA:176,5,1,0
BRF:12
BRH:0
end_of_record
TN:
SF:src\models\token.js
FN:7,(anonymous_0)
FN:22,(anonymous_1)
FN:32,(anonymous_2)
FN:42,(anonymous_3)
FN:50,(anonymous_4)
FNF:5
FNH:5
FNDA:2,(anonymous_0)
FNDA:2,(anonymous_1)
FNDA:2,(anonymous_2)
FNDA:2,(anonymous_3)
FNDA:2,(anonymous_4)
DA:1,9
DA:8,2
DA:10,2
DA:16,1
DA:23,2
DA:33,2
DA:43,2
DA:50,9
DA:51,2
DA:64,9
LF:10
LH:10
BRF:0
BRH:0
end_of_record
TN:
SF:src\models\user.js
FN:9,(anonymous_0)
FN:51,(anonymous_1)
FN:87,(anonymous_2)
FN:110,(anonymous_3)
FN:129,(anonymous_4)
FN:165,(anonymous_5)
FN:183,(anonymous_6)
FNF:7
FNH:6
FNDA:6,(anonymous_0)
FNDA:2,(anonymous_1)
FNDA:4,(anonymous_2)
FNDA:3,(anonymous_3)
FNDA:4,(anonymous_4)
FNDA:2,(anonymous_5)
FNDA:0,(anonymous_6)
DA:1,11
DA:2,11
DA:10,6
DA:11,6
DA:14,6
DA:19,3
DA:20,1
DA:24,2
DA:27,2
DA:35,1
DA:42,1
DA:44,5
DA:52,2
DA:53,2
DA:70,2
DA:79,0
DA:88,4
DA:89,4
DA:94,4
DA:96,2
DA:97,2
DA:99,1
DA:100,1
DA:102,0
DA:111,3
DA:112,3
DA:116,1
DA:118,1
DA:119,1
DA:121,2
DA:130,4
DA:131,4
DA:132,4
DA:134,4
DA:135,5
DA:136,2
DA:137,2
DA:139,3
DA:140,3
DA:144,3
DA:145,3
DA:147,3
DA:153,3
DA:154,0
DA:157,1
DA:166,2
DA:167,2
DA:171,1
DA:172,0
DA:175,1
DA:184,0
DA:185,0
DA:189,0
DA:190,0
DA:193,0
DA:198,11
LF:56
LH:47
BRDA:19,0,0,1
BRDA:19,0,1,2
BRDA:70,1,0,2
BRDA:70,1,1,1
BRDA:94,2,0,2
BRDA:94,2,1,2
BRDA:97,3,0,1
BRDA:97,3,1,1
BRDA:116,4,0,0
BRDA:116,4,1,1
BRDA:135,5,0,2
BRDA:135,5,1,3
BRDA:153,6,0,0
BRDA:153,6,1,3
BRDA:171,7,0,0
BRDA:171,7,1,1
BRDA:189,8,0,0
BRDA:189,8,1,0
BRF:18
BRH:13
end_of_record
TN:
SF:src\routes\authRoutes.js
FNF:0
FNH:0
DA:1,5
DA:2,5
DA:3,5
DA:5,5
DA:6,5
DA:7,5
DA:9,5
LF:7
LH:7
BRF:0
BRH:0
end_of_record
TN:
SF:src\routes\index.js
FN:7,(anonymous_0)
FNF:1
FNH:0
FNDA:0,(anonymous_0)
DA:1,5
DA:2,5
DA:3,5
DA:4,5
DA:5,5
DA:7,5
DA:10,5
DA:11,5
DA:12,5
DA:14,5
LF:10
LH:10
BRF:0
BRH:0
end_of_record
TN:
SF:src\routes\team.js
FN:6,(anonymous_0)
FN:17,(anonymous_1)
FN:31,(anonymous_2)
FN:45,(anonymous_3)
FN:56,(anonymous_4)
FN:67,(anonymous_5)
FN:78,(anonymous_6)
FN:90,(anonymous_7)
FNF:8
FNH:0
FNDA:0,(anonymous_0)
FNDA:0,(anonymous_1)
FNDA:0,(anonymous_2)
FNDA:0,(anonymous_3)
FNDA:0,(anonymous_4)
FNDA:0,(anonymous_5)
FNDA:0,(anonymous_6)
FNDA:0,(anonymous_7)
DA:1,5
DA:2,5
DA:3,5
DA:6,5
DA:7,0
DA:8,0
DA:9,0
DA:11,0
DA:12,0
DA:17,5
DA:18,0
DA:19,0
DA:20,0
DA:21,0
DA:23,0
DA:25,0
DA:26,0
DA:31,5
DA:32,0
DA:33,0
DA:34,0
DA:35,0
DA:37,0
DA:39,0
DA:40,0
DA:45,5
DA:46,0
DA:47,0
DA:48,0
DA:50,0
DA:51,0
DA:56,5
DA:57,0
DA:58,0
DA:59,0
DA:61,0
DA:62,0
DA:67,5
DA:68,0
DA:69,0
DA:70,0
DA:72,0
DA:73,0
DA:78,5
DA:79,0
DA:80,0
DA:81,0
DA:82,0
DA:84,0
DA:85,0
DA:90,5
DA:91,0
DA:92,0
DA:93,0
DA:94,0
DA:96,0
DA:97,0
DA:101,5
LF:58
LH:12
BRDA:20,0,0,0
BRDA:20,0,1,0
BRDA:34,1,0,0
BRDA:34,1,1,0
BRF:4
BRH:0
end_of_record
TN:
SF:src\routes\teamRoutes.js
FNF:0
FNH:0
DA:1,5
DA:2,5
DA:3,5
DA:4,5
DA:6,5
DA:7,5
DA:9,5
LF:7
LH:7
BRF:0
BRH:0
end_of_record
TN:
SF:src\routes\userRoutes.js
FNF:0
FNH:0
DA:1,5
DA:2,5
DA:3,5
DA:4,5
DA:6,5
DA:7,5
DA:8,5
DA:10,5
LF:8
LH:8
BRF:0
BRH:0
end_of_record
TN:
SF:src\routes\api\athletes.js
FN:6,(anonymous_0)
FN:36,(anonymous_1)
FNF:2
FNH:0
FNDA:0,(anonymous_0)
FNDA:0,(anonymous_1)
DA:1,5
DA:2,5
DA:3,5
DA:6,5
DA:7,0
DA:8,0
DA:28,0
DA:30,0
DA:31,0
DA:36,5
DA:37,0
DA:38,0
DA:39,0
DA:59,0
DA:60,0
DA:63,0
DA:65,0
DA:66,0
DA:70,5
LF:19
LH:6
BRDA:59,0,0,0
BRDA:59,0,1,0
BRF:2
BRH:0
end_of_record
TN:
SF:src\utils\crypto.js
FN:10,(anonymous_0)
FN:22,(anonymous_1)
FN:32,(anonymous_2)
FN:37,(anonymous_3)
FN:45,(anonymous_4)
FNF:5
FNH:5
FNDA:3,(anonymous_0)
FNDA:2,(anonymous_1)
FNDA:4,(anonymous_2)
FNDA:2,(anonymous_3)
FNDA:1,(anonymous_4)
DA:1,8
DA:2,8
DA:5,8
DA:6,8
DA:7,8
DA:10,8
DA:11,3
DA:12,3
DA:13,2
DA:14,2
DA:16,1
DA:17,1
DA:22,8
DA:23,2
DA:24,2
DA:26,0
DA:27,0
DA:32,8
DA:33,4
DA:37,8
DA:38,2
DA:45,8
DA:46,1
DA:49,8
LF:24
LH:22
BRDA:32,0,0,2
BRF:1
BRH:1
end_of_record
TN:
SF:src\utils\mailer.js
FN:12,(anonymous_0)
FNF:1
FNH:0
FNDA:0,(anonymous_0)
DA:1,8
DA:2,8
DA:4,8
DA:12,8
DA:13,0
DA:21,0
DA:22,0
DA:23,0
DA:25,0
DA:29,8
LF:10
LH:5
BRF:0
BRH:0
end_of_record
TN:
SF:src\utils\testSetup.js
FN:3,setupTestDatabase
FN:13,teardownTestDatabase
FN:24,clearTestData
FNF:3
FNH:3
FNDA:2,setupTestDatabase
FNDA:1,teardownTestDatabase
FNDA:1,clearTestData
DA:1,2
DA:4,2
DA:5,2
DA:8,2
DA:9,2
DA:14,1
DA:15,1
DA:16,1
DA:19,1
DA:20,1
DA:25,1
DA:26,1
DA:28,1
DA:29,1
DA:33,2
LF:15
LH:15
BRDA:15,0,0,1
BRDA:15,0,1,0
BRF:2
BRH:1
end_of_record
TN:
SF:src\utils\tokens.js
FN:13,(anonymous_0)
FN:20,(anonymous_1)
FN:38,(anonymous_2)
FN:46,(anonymous_3)
FN:53,(anonymous_4)
FNF:5
FNH:1
FNDA:1,(anonymous_0)
FNDA:0,(anonymous_1)
FNDA:0,(anonymous_2)
FNDA:0,(anonymous_3)
FNDA:0,(anonymous_4)
DA:1,8
DA:2,8
DA:5,8
DA:13,8
DA:14,1
DA:20,8
DA:21,0
DA:22,0
DA:23,0
DA:25,0
DA:32,0
DA:38,8
DA:39,0
DA:40,0
DA:46,8
DA:47,0
DA:53,8
DA:54,0
DA:57,8
LF:19
LH:10
BRDA:20,0,0,0
BRDA:40,1,0,0
BRDA:40,1,1,0
BRF:3
BRH:0
end_of_record
